15:02:53,956 INFO  [Server] Starting JBoss (MX MicroKernel)...
15:02:53,956 INFO  [Server] Release ID: JBoss [Trinity] 4.2.3.GA (build: SVNTag=JBoss_4_2_3_GA date=200807181417)
15:02:53,956 DEBUG [Server] Using config: org.jboss.system.server.ServerConfigImpl@24ce3c4e
15:02:53,956 DEBUG [Server] Server type: class org.jboss.system.server.ServerImpl
15:02:53,956 DEBUG [Server] Server loaded through: org.jboss.system.server.NoAnnotationURLClassLoader
15:02:53,956 DEBUG [Server] Boot URLs:
15:02:53,957 DEBUG [Server]   file:/Users/marcioos/Server/jboss-portal-2.7.2/lib/endorsed/serializer.jar
15:02:53,957 DEBUG [Server]   file:/Users/marcioos/Server/jboss-portal-2.7.2/lib/endorsed/xalan.jar
15:02:53,957 DEBUG [Server]   file:/Users/marcioos/Server/jboss-portal-2.7.2/lib/endorsed/xercesImpl.jar
15:02:53,957 DEBUG [Server]   file:/Users/marcioos/Server/jboss-portal-2.7.2/lib/jboss-jmx.jar
15:02:53,957 DEBUG [Server]   file:/Users/marcioos/Server/jboss-portal-2.7.2/lib/concurrent.jar
15:02:53,957 DEBUG [Server]   file:/Users/marcioos/Server/jboss-portal-2.7.2/lib/log4j-boot.jar
15:02:53,957 DEBUG [Server]   file:/Users/marcioos/Server/jboss-portal-2.7.2/lib/jboss-common.jar
15:02:53,957 DEBUG [Server]   file:/Users/marcioos/Server/jboss-portal-2.7.2/lib/jboss-system.jar
15:02:53,957 DEBUG [Server]   file:/Users/marcioos/Server/jboss-portal-2.7.2/lib/jboss-xml-binding.jar
15:02:53,957 INFO  [Server] Home Dir: /Users/marcioos/Server/jboss-portal-2.7.2
15:02:53,957 INFO  [Server] Home URL: file:/Users/marcioos/Server/jboss-portal-2.7.2/
15:02:53,957 DEBUG [Server] Library URL: file:/Users/marcioos/Server/jboss-portal-2.7.2/lib/
15:02:53,957 INFO  [Server] Patch URL: null
15:02:53,957 INFO  [Server] Server Name: default
15:02:53,958 INFO  [Server] Server Home Dir: /Users/marcioos/Server/jboss-portal-2.7.2/server/default
15:02:53,958 INFO  [Server] Server Home URL: file:/Users/marcioos/Server/jboss-portal-2.7.2/server/default/
15:02:53,958 INFO  [Server] Server Log Dir: /Users/marcioos/Server/jboss-portal-2.7.2/server/default/log
15:02:53,958 DEBUG [Server] Server Data Dir: /Users/marcioos/Server/jboss-portal-2.7.2/server/default/data
15:02:53,958 INFO  [Server] Server Temp Dir: /Users/marcioos/Server/jboss-portal-2.7.2/server/default/tmp
15:02:53,958 DEBUG [Server] Server Config URL: file:/Users/marcioos/Server/jboss-portal-2.7.2/server/default/conf/
15:02:53,958 DEBUG [Server] Server Library URL: file:/Users/marcioos/Server/jboss-portal-2.7.2/server/default/lib/
15:02:53,958 INFO  [Server] Root Deployment Filename: jboss-service.xml
15:02:53,959 DEBUG [Server] Starting General Purpose Architecture (GPA)...
15:02:54,039 DEBUG [Server] Created MBeanServer: org.jboss.mx.server.MBeanServerImpl@6b9fc67d[ defaultDomain='jboss' ]
15:02:54,051 DEBUG [Server] Boot url list: [file:/Users/marcioos/Server/jboss-portal-2.7.2/server/default/conf/]
15:02:54,051 DEBUG [Server] Creating loader for URL: file:/Users/marcioos/Server/jboss-portal-2.7.2/server/default/conf/
15:02:54,055 DEBUG [RepositoryClassLoader] setRepository, repository=org.jboss.mx.loading.UnifiedLoaderRepository3@9bce0f5, cl=org.jboss.mx.loading.UnifiedClassLoader3@1399212b{ url=file:/Users/marcioos/Server/jboss-portal-2.7.2/server/default/conf/ ,addedOrder=0}
15:02:54,055 DEBUG [RepositoryClassLoader] setRepository, repository=org.jboss.mx.loading.UnifiedLoaderRepository3@9bce0f5, cl=org.jboss.mx.loading.UnifiedClassLoader3@1399212b{ url=file:/Users/marcioos/Server/jboss-portal-2.7.2/server/default/conf/ ,addedOrder=0}
15:02:54,055 DEBUG [UnifiedLoaderRepository3] Adding org.jboss.mx.loading.UnifiedClassLoader3@1399212b{ url=file:/Users/marcioos/Server/jboss-portal-2.7.2/server/default/conf/ ,addedOrder=0}
15:02:54,111 DEBUG [Server] Failed to create xmbean for: org.jboss.system.server.ServerInfo
15:02:54,113 INFO  [ServerInfo] Java version: 1.8.0_312,Homebrew
15:02:54,114 INFO  [ServerInfo] Java VM: OpenJDK 64-Bit Server VM 25.312-b00,Homebrew
15:02:54,114 INFO  [ServerInfo] OS-System: Mac OS X 11.6,x86_64
15:02:54,114 DEBUG [ServerInfo] Full System Properties Dump
15:02:54,114 DEBUG [ServerInfo]     java.vendor: Homebrew
15:02:54,114 DEBUG [ServerInfo]     sun.java.launcher: SUN_STANDARD
15:02:54,114 DEBUG [ServerInfo]     sun.management.compiler: HotSpot 64-Bit Tiered Compilers
15:02:54,114 DEBUG [ServerInfo]     os.name: Mac OS X
15:02:54,114 DEBUG [ServerInfo]     sun.boot.class.path: /Users/marcioos/Server/jboss-portal-2.7.2/lib/endorsed/serializer.jar:/Users/marcioos/Server/jboss-portal-2.7.2/lib/endorsed/xalan.jar:/Users/marcioos/Server/jboss-portal-2.7.2/lib/endorsed/xercesImpl.jar:/usr/local/Cellar/openjdk@8/1.8.0+312/libexec/openjdk.jdk/Contents/Home/jre/lib/resources.jar:/usr/local/Cellar/openjdk@8/1.8.0+312/libexec/openjdk.jdk/Contents/Home/jre/lib/rt.jar:/usr/local/Cellar/openjdk@8/1.8.0+312/libexec/openjdk.jdk/Contents/Home/jre/lib/sunrsasign.jar:/usr/local/Cellar/openjdk@8/1.8.0+312/libexec/openjdk.jdk/Contents/Home/jre/lib/jsse.jar:/usr/local/Cellar/openjdk@8/1.8.0+312/libexec/openjdk.jdk/Contents/Home/jre/lib/jce.jar:/usr/local/Cellar/openjdk@8/1.8.0+312/libexec/openjdk.jdk/Contents/Home/jre/lib/charsets.jar:/usr/local/Cellar/openjdk@8/1.8.0+312/libexec/openjdk.jdk/Contents/Home/jre/lib/jfr.jar:/usr/local/Cellar/openjdk@8/1.8.0+312/libexec/openjdk.jdk/Contents/Home/jre/classes
15:02:54,114 DEBUG [ServerInfo]     java.vm.specification.vendor: Oracle Corporation
15:02:54,114 DEBUG [ServerInfo]     java.runtime.version: 1.8.0_312-bre_2021_10_20_23_15-b00
15:02:54,114 DEBUG [ServerInfo]     user.name: marcioos
15:02:54,114 DEBUG [ServerInfo]     jboss.bind.address: 127.0.0.1
15:02:54,115 DEBUG [ServerInfo]     jboss.home.dir: /Users/marcioos/Server/jboss-portal-2.7.2
15:02:54,115 DEBUG [ServerInfo]     user.language: pt
15:02:54,115 DEBUG [ServerInfo]     sun.boot.library.path: /usr/local/Cellar/openjdk@8/1.8.0+312/libexec/openjdk.jdk/Contents/Home/jre/lib
15:02:54,115 DEBUG [ServerInfo]     jboss.home.url: file:/Users/marcioos/Server/jboss-portal-2.7.2/
15:02:54,115 DEBUG [ServerInfo]     java.version: 1.8.0_312
15:02:54,115 DEBUG [ServerInfo]     user.timezone: America/Sao_Paulo
15:02:54,115 DEBUG [ServerInfo]     jboss.server.home.dir: /Users/marcioos/Server/jboss-portal-2.7.2/server/default
15:02:54,115 DEBUG [ServerInfo]     jgroups.bind_addr: 127.0.0.1
15:02:54,115 DEBUG [ServerInfo]     sun.arch.data.model: 64
15:02:54,115 DEBUG [ServerInfo]     java.endorsed.dirs: /Users/marcioos/Server/jboss-portal-2.7.2/lib/endorsed
15:02:54,115 DEBUG [ServerInfo]     jboss.server.home.url: file:/Users/marcioos/Server/jboss-portal-2.7.2/server/default/
15:02:54,115 DEBUG [ServerInfo]     sun.cpu.isalist: 
15:02:54,115 DEBUG [ServerInfo]     sun.jnu.encoding: UTF-8
15:02:54,115 DEBUG [ServerInfo]     file.encoding.pkg: sun.io
15:02:54,115 DEBUG [ServerInfo]     file.separator: /
15:02:54,115 DEBUG [ServerInfo]     java.specification.name: Java Platform API Specification
15:02:54,115 DEBUG [ServerInfo]     java.class.version: 52.0
15:02:54,115 DEBUG [ServerInfo]     jboss.server.config.url: file:/Users/marcioos/Server/jboss-portal-2.7.2/server/default/conf/
15:02:54,115 DEBUG [ServerInfo]     user.country: BR
15:02:54,116 DEBUG [ServerInfo]     java.home: /usr/local/Cellar/openjdk@8/1.8.0+312/libexec/openjdk.jdk/Contents/Home/jre
15:02:54,116 DEBUG [ServerInfo]     java.vm.info: mixed mode
15:02:54,116 DEBUG [ServerInfo]     jboss.lib.url: file:/Users/marcioos/Server/jboss-portal-2.7.2/lib/
15:02:54,116 DEBUG [ServerInfo]     os.version: 11.6
15:02:54,116 DEBUG [ServerInfo]     path.separator: :
15:02:54,116 DEBUG [ServerInfo]     java.vm.version: 25.312-b00
15:02:54,116 DEBUG [ServerInfo]     java.protocol.handler.pkgs: org.jboss.net.protocol
15:02:54,116 DEBUG [ServerInfo]     java.awt.printerjob: sun.lwawt.macosx.CPrinterJob
15:02:54,116 DEBUG [ServerInfo]     sun.io.unicode.encoding: UnicodeBig
15:02:54,116 DEBUG [ServerInfo]     awt.toolkit: sun.lwawt.macosx.LWCToolkit
15:02:54,116 DEBUG [ServerInfo]     jboss.server.temp.dir: /Users/marcioos/Server/jboss-portal-2.7.2/server/default/tmp
15:02:54,116 DEBUG [ServerInfo]     user.home: /Users/marcioos
15:02:54,116 DEBUG [ServerInfo]     java.specification.vendor: Oracle Corporation
15:02:54,116 DEBUG [ServerInfo]     java.library.path: /Users/marcioos/Library/Java/Extensions:/Library/Java/Extensions:/Network/Library/Java/Extensions:/System/Library/Java/Extensions:/usr/lib/java:.
15:02:54,116 DEBUG [ServerInfo]     java.vendor.url: https://github.com/Homebrew/homebrew-core/issues
15:02:54,116 DEBUG [ServerInfo]     program.name: run.sh
15:02:54,116 DEBUG [ServerInfo]     java.vm.vendor: Homebrew
15:02:54,116 DEBUG [ServerInfo]     gopherProxySet: false
15:02:54,116 DEBUG [ServerInfo]     java.runtime.name: OpenJDK Runtime Environment
15:02:54,116 DEBUG [ServerInfo]     sun.java.command: org.jboss.Main
15:02:54,116 DEBUG [ServerInfo]     java.class.path: /Users/marcioos/Server/jboss-portal-2.7.2/bin/run.jar:/usr/local/Cellar/openjdk@8/1.8.0+312/libexec/openjdk.jdk/Contents/Home/lib/tools.jar
15:02:54,116 DEBUG [ServerInfo]     jboss.server.log.dir: /Users/marcioos/Server/jboss-portal-2.7.2/server/default/log
15:02:54,116 DEBUG [ServerInfo]     jbossmx.loader.repository.class: org.jboss.mx.loading.UnifiedLoaderRepository3
15:02:54,116 DEBUG [ServerInfo]     java.vm.specification.name: Java Virtual Machine Specification
15:02:54,116 DEBUG [ServerInfo]     java.vm.specification.version: 1.8
15:02:54,116 DEBUG [ServerInfo]     sun.cpu.endian: little
15:02:54,116 DEBUG [ServerInfo]     sun.os.patch.level: unknown
15:02:54,117 DEBUG [ServerInfo]     jboss.server.lib.url: file:/Users/marcioos/Server/jboss-portal-2.7.2/server/default/lib/
15:02:54,117 DEBUG [ServerInfo]     java.io.tmpdir: /var/folders/1j/ts8z94xn24b03jr0rjjfgy0867b53x/T/
15:02:54,117 DEBUG [ServerInfo]     jdkrypto.KeyAgreement.legacyKDF: true
15:02:54,117 DEBUG [ServerInfo]     java.vendor.url.bug: https://github.com/Homebrew/homebrew-core/issues
15:02:54,117 DEBUG [ServerInfo]     jboss.server.data.dir: /Users/marcioos/Server/jboss-portal-2.7.2/server/default/data
15:02:54,117 DEBUG [ServerInfo]     java.rmi.server.hostname: 127.0.0.1
15:02:54,117 DEBUG [ServerInfo]     os.arch: x86_64
15:02:54,117 DEBUG [ServerInfo]     java.awt.graphicsenv: sun.awt.CGraphicsEnvironment
15:02:54,117 DEBUG [ServerInfo]     java.ext.dirs: /Users/marcioos/Library/Java/Extensions:/usr/local/Cellar/openjdk@8/1.8.0+312/libexec/openjdk.jdk/Contents/Home/jre/lib/ext:/Library/Java/Extensions:/Network/Library/Java/Extensions:/System/Library/Java/Extensions:/usr/lib/java
15:02:54,117 DEBUG [ServerInfo]     user.dir: /Users/marcioos
15:02:54,117 DEBUG [ServerInfo]     line.separator: 

15:02:54,117 DEBUG [ServerInfo]     java.vm.name: OpenJDK 64-Bit Server VM
15:02:54,117 DEBUG [ServerInfo]     jboss.server.base.dir: /Users/marcioos/Server/jboss-portal-2.7.2/server
15:02:54,117 DEBUG [ServerInfo]     jboss.server.base.url: file:/Users/marcioos/Server/jboss-portal-2.7.2/server/
15:02:54,117 DEBUG [ServerInfo]     javax.management.builder.initial: org.jboss.mx.server.MBeanServerBuilderImpl
15:02:54,117 DEBUG [ServerInfo]     file.encoding: UTF-8
15:02:54,117 DEBUG [ServerInfo]     java.specification.version: 1.8
15:02:54,117 DEBUG [ServerInfo]     jboss.server.name: default
15:02:54,124 DEBUG [Server] Created system MBean: jboss.system:type=ServerInfo
15:02:54,129 DEBUG [Server] Failed to create xmbean for: org.jboss.system.ServiceController
15:02:54,141 DEBUG [ServiceController] Controller MBean online
15:02:54,142 DEBUG [Server] Created system MBean: jboss.system:service=ServiceController
15:02:54,201 DEBUG [Server] Created system XMBean: jboss.system:service=MainDeployer
15:02:54,201 DEBUG [ServiceController] Creating service jboss.system:service=MainDeployer
15:02:54,206 DEBUG [MainDeployer] Creating jboss.system:service=MainDeployer
15:02:54,215 DEBUG [Files] Failed to delete dir: /Users/marcioos/Server/jboss-portal-2.7.2/server/default/tmp/deploy
15:02:54,216 DEBUG [MainDeployer] Created jboss.system:service=MainDeployer
15:02:54,216 DEBUG [ServiceController] Creating dependent components for: jboss.system:service=MainDeployer dependents are: []
15:02:54,216 DEBUG [ServiceController] starting service jboss.system:service=MainDeployer
15:02:54,216 DEBUG [MainDeployer] Starting jboss.system:service=MainDeployer
15:02:54,216 DEBUG [MainDeployer] Started jboss.system:service=MainDeployer
15:02:54,217 DEBUG [ServiceController] Starting dependent components for: jboss.system:service=MainDeployer dependent components: []
15:02:54,217 DEBUG [Server] Shutdown hook added
15:02:54,252 DEBUG [Server] Created system XMBean: jboss.system:service=JARDeployer
15:02:54,252 DEBUG [ServiceController] Creating service jboss.system:service=JARDeployer
15:02:54,252 DEBUG [JARDeployer] Creating jboss.system:service=JARDeployer
15:02:54,259 DEBUG [JARDeployer] Created jboss.system:service=JARDeployer
15:02:54,259 DEBUG [ServiceController] Creating dependent components for: jboss.system:service=JARDeployer dependents are: []
15:02:54,259 DEBUG [ServiceController] starting service jboss.system:service=JARDeployer
15:02:54,259 DEBUG [JARDeployer] Starting jboss.system:service=JARDeployer
15:02:54,259 DEBUG [MainDeployer] Adding deployer: org.jboss.deployment.JARDeployer@682d77d0
15:02:54,259 DEBUG [SuffixOrderHelper] Static suffix exists; ignoring request for adding enhanced suffix: 700:.jar
15:02:54,260 DEBUG [JARDeployer] Started jboss.system:service=JARDeployer
15:02:54,260 DEBUG [ServiceController] Starting dependent components for: jboss.system:service=JARDeployer dependent components: []
15:02:54,273 DEBUG [Server] Created system XMBean: jboss.system:service=ServiceDeployer
15:02:54,273 DEBUG [ServiceController] Creating service jboss.system:service=ServiceDeployer
15:02:54,274 DEBUG [SARDeployer] Creating jboss.system:service=ServiceDeployer
15:02:54,278 DEBUG [SARDeployer] Created jboss.system:service=ServiceDeployer
15:02:54,278 DEBUG [ServiceController] Creating dependent components for: jboss.system:service=ServiceDeployer dependents are: []
15:02:54,278 DEBUG [ServiceController] starting service jboss.system:service=ServiceDeployer
15:02:54,279 DEBUG [SARDeployer] Starting jboss.system:service=ServiceDeployer
15:02:54,279 DEBUG [MainDeployer] Adding deployer: org.jboss.deployment.SARDeployer@6836ce84
15:02:54,282 DEBUG [SARDeployer] Started jboss.system:service=ServiceDeployer
15:02:54,283 DEBUG [ServiceController] Starting dependent components for: jboss.system:service=ServiceDeployer dependent components: []
15:02:54,283 INFO  [Server] Core system initialized
15:02:54,292 DEBUG [MainDeployer] Starting deployment of package: file:/Users/marcioos/Server/jboss-portal-2.7.2/server/default/conf/jboss-service.xml
15:02:54,292 DEBUG [MainDeployer] Starting deployment (init step) of package at: file:/Users/marcioos/Server/jboss-portal-2.7.2/server/default/conf/jboss-service.xml
15:02:54,305 DEBUG [MainDeployer] Copying file:/Users/marcioos/Server/jboss-portal-2.7.2/server/default/conf/jboss-service.xml -> /Users/marcioos/Server/jboss-portal-2.7.2/server/default/tmp/deploy/tmp5450017435879210008jboss-service.xml
15:02:54,308 DEBUG [MainDeployer] using deployer org.jboss.deployment.SARDeployer@6836ce84
15:02:54,326 DEBUG [SARDeployer] Found classpath element: [classpath: null]
15:02:54,335 DEBUG [SARDeployer] codebase URL is file:/Users/marcioos/Server/jboss-portal-2.7.2/server/default/lib/
15:02:54,335 DEBUG [SARDeployer] listing codebase for archives matching *
15:02:54,338 DEBUG [SARDeployer] URLLister class is org.jboss.net.protocol.file.FileURLLister
15:02:54,346 DEBUG [SARDeployer] deployed classes for file:/Users/marcioos/Server/jboss-portal-2.7.2/server/default/lib/ojdbc14.jar
15:02:54,346 DEBUG [SARDeployer] deployed classes for file:/Users/marcioos/Server/jboss-portal-2.7.2/server/default/lib/jboss-remoting-int.jar
15:02:54,346 DEBUG [SARDeployer] deployed classes for file:/Users/marcioos/Server/jboss-portal-2.7.2/server/default/lib/el-api.jar
15:02:54,346 DEBUG [SARDeployer] deployed classes for file:/Users/marcioos/Server/jboss-portal-2.7.2/server/default/lib/mail.jar
15:02:54,346 DEBUG [SARDeployer] deployed classes for file:/Users/marcioos/Server/jboss-portal-2.7.2/server/default/lib/jbossjta.jar
15:02:54,346 DEBUG [SARDeployer] deployed classes for file:/Users/marcioos/Server/jboss-portal-2.7.2/server/default/lib/jboss-management.jar
15:02:54,346 DEBUG [SARDeployer] deployed classes for file:/Users/marcioos/Server/jboss-portal-2.7.2/server/default/lib/joesnmp.jar
15:02:54,347 DEBUG [SARDeployer] deployed classes for file:/Users/marcioos/Server/jboss-portal-2.7.2/server/default/lib/jbossmq.jar
15:02:54,347 DEBUG [SARDeployer] deployed classes for file:/Users/marcioos/Server/jboss-portal-2.7.2/server/default/lib/standard.jar
15:02:54,347 DEBUG [SARDeployer] deployed classes for file:/Users/marcioos/Server/jboss-portal-2.7.2/server/default/lib/jboss-monitoring.jar
15:02:54,347 DEBUG [SARDeployer] deployed classes for file:/Users/marcioos/Server/jboss-portal-2.7.2/server/default/lib/commons-codec.jar
15:02:54,347 DEBUG [SARDeployer] deployed classes for file:/Users/marcioos/Server/jboss-portal-2.7.2/server/default/lib/jboss-vfs.jar
15:02:54,347 DEBUG [SARDeployer] deployed classes for file:/Users/marcioos/Server/jboss-portal-2.7.2/server/default/lib/commons-httpclient.jar
15:02:54,347 DEBUG [SARDeployer] deployed classes for file:/Users/marcioos/Server/jboss-portal-2.7.2/server/default/lib/jboss-hibernate.jar
15:02:54,347 DEBUG [SARDeployer] deployed classes for file:/Users/marcioos/Server/jboss-portal-2.7.2/server/default/lib/jbossws-jboss42.jar
15:02:54,347 DEBUG [SARDeployer] deployed classes for file:/Users/marcioos/Server/jboss-portal-2.7.2/server/default/lib/org.eclipse.persistence_1.0.0.0_2-1.jar
15:02:54,347 DEBUG [SARDeployer] deployed classes for file:/Users/marcioos/Server/jboss-portal-2.7.2/server/default/lib/activation.jar
15:02:54,347 DEBUG [SARDeployer] deployed classes for file:/Users/marcioos/Server/jboss-portal-2.7.2/server/default/lib/wlthint3client.jar
15:02:54,347 DEBUG [SARDeployer] deployed classes for file:/Users/marcioos/Server/jboss-portal-2.7.2/server/default/lib/jboss-j2ee.jar
15:02:54,347 DEBUG [SARDeployer] deployed classes for file:/Users/marcioos/Server/jboss-portal-2.7.2/server/default/lib/jbossjta-integration.jar
15:02:54,347 DEBUG [SARDeployer] deployed classes for file:/Users/marcioos/Server/jboss-portal-2.7.2/server/default/lib/jsp-api.jar
15:02:54,347 DEBUG [SARDeployer] deployed classes for file:/Users/marcioos/Server/jboss-portal-2.7.2/server/default/lib/jboss-remoting.jar
15:02:54,347 DEBUG [SARDeployer] deployed classes for file:/Users/marcioos/Server/jboss-portal-2.7.2/server/default/lib/jboss-saaj.jar
15:02:54,347 DEBUG [SARDeployer] deployed classes for file:/Users/marcioos/Server/jboss-portal-2.7.2/server/default/lib/jboss-srp.jar
15:02:54,347 DEBUG [SARDeployer] deployed classes for file:/Users/marcioos/Server/jboss-portal-2.7.2/server/default/lib/commons-logging.jar
15:02:54,347 DEBUG [SARDeployer] deployed classes for file:/Users/marcioos/Server/jboss-portal-2.7.2/server/default/lib/hsqldb.jar
15:02:54,347 DEBUG [SARDeployer] deployed classes for file:/Users/marcioos/Server/jboss-portal-2.7.2/server/default/lib/log4j.jar
15:02:54,348 DEBUG [SARDeployer] deployed classes for file:/Users/marcioos/Server/jboss-portal-2.7.2/server/default/lib/ejb3-persistence.jar
15:02:54,348 DEBUG [SARDeployer] deployed classes for file:/Users/marcioos/Server/jboss-portal-2.7.2/server/default/lib/bsh-deployer.jar
15:02:54,348 DEBUG [SARDeployer] deployed classes for file:/Users/marcioos/Server/jboss-portal-2.7.2/server/default/lib/bsh.jar
15:02:54,348 DEBUG [SARDeployer] deployed classes for file:/Users/marcioos/Server/jboss-portal-2.7.2/server/default/lib/emissorNFe-client.jar
15:02:54,348 DEBUG [SARDeployer] deployed classes for file:/Users/marcioos/Server/jboss-portal-2.7.2/server/default/lib/pojoOracleR102-raia.jar
15:02:54,348 DEBUG [SARDeployer] deployed classes for file:/Users/marcioos/Server/jboss-portal-2.7.2/server/default/lib/jboss-ejb3x.jar
15:02:54,348 DEBUG [SARDeployer] deployed classes for file:/Users/marcioos/Server/jboss-portal-2.7.2/server/default/lib/hsqldb-plugin.jar
15:02:54,348 DEBUG [SARDeployer] deployed classes for file:/Users/marcioos/Server/jboss-portal-2.7.2/server/default/lib/commons-chain-1.0.jar
15:02:54,348 DEBUG [SARDeployer] deployed classes for file:/Users/marcioos/Server/jboss-portal-2.7.2/server/default/lib/toplink.jar
15:02:54,348 DEBUG [SARDeployer] deployed classes for file:/Users/marcioos/Server/jboss-portal-2.7.2/server/default/lib/jbossts-common.jar
15:02:54,348 DEBUG [SARDeployer] deployed classes for file:/Users/marcioos/Server/jboss-portal-2.7.2/server/default/lib/jboss-common-jdbc-wrapper.jar
15:02:54,348 DEBUG [SARDeployer] deployed classes for file:/Users/marcioos/Server/jboss-portal-2.7.2/server/default/lib/jboss-iiop.jar
15:02:54,348 DEBUG [SARDeployer] deployed classes for file:/Users/marcioos/Server/jboss-portal-2.7.2/server/default/lib/jaxen.jar
15:02:54,348 DEBUG [SARDeployer] deployed classes for file:/Users/marcioos/Server/jboss-portal-2.7.2/server/default/lib/autonumber-plugin.jar
15:02:54,348 DEBUG [SARDeployer] deployed classes for file:/Users/marcioos/Server/jboss-portal-2.7.2/server/default/lib/xmlentitymgr.jar
15:02:54,348 DEBUG [SARDeployer] deployed classes for file:/Users/marcioos/Server/jboss-portal-2.7.2/server/default/lib/jboss-transaction.jar
15:02:54,348 DEBUG [SARDeployer] deployed classes for file:/Users/marcioos/Server/jboss-portal-2.7.2/server/default/lib/cglib.jar
15:02:54,349 DEBUG [SARDeployer] deployed classes for file:/Users/marcioos/Server/jboss-portal-2.7.2/server/default/lib/jbossws-framework.jar
15:02:54,349 DEBUG [SARDeployer] deployed classes for file:/Users/marcioos/Server/jboss-portal-2.7.2/server/default/lib/commons-collections.jar
15:02:54,349 DEBUG [SARDeployer] deployed classes for file:/Users/marcioos/Server/jboss-portal-2.7.2/server/default/lib/jboss-jsr77.jar
15:02:54,354 DEBUG [SARDeployer] deployed classes for file:/Users/marcioos/Server/jboss-portal-2.7.2/server/default/lib/jboss-jsr88.jar
15:02:54,354 DEBUG [SARDeployer] deployed classes for file:/Users/marcioos/Server/jboss-portal-2.7.2/server/default/lib/jbosssx.jar
15:02:54,355 DEBUG [SARDeployer] deployed classes for file:/Users/marcioos/Server/jboss-portal-2.7.2/server/default/lib/javax.persistence_1.0.0.0_2-0-0.jar
15:02:54,355 DEBUG [SARDeployer] deployed classes for file:/Users/marcioos/Server/jboss-portal-2.7.2/server/default/lib/scheduler-plugin-example.jar
15:02:54,355 DEBUG [SARDeployer] deployed classes for file:/Users/marcioos/Server/jboss-portal-2.7.2/server/default/lib/dom4j.jar
15:02:54,355 DEBUG [SARDeployer] deployed classes for file:/Users/marcioos/Server/jboss-portal-2.7.2/server/default/lib/bcel.jar
15:02:54,355 DEBUG [SARDeployer] deployed classes for file:/Users/marcioos/Server/jboss-portal-2.7.2/server/default/lib/bsf.jar
15:02:54,355 DEBUG [SARDeployer] deployed classes for file:/Users/marcioos/Server/jboss-portal-2.7.2/server/default/lib/log4j-snmp-appender.jar
15:02:54,355 DEBUG [SARDeployer] deployed classes for file:/Users/marcioos/Server/jboss-portal-2.7.2/server/default/lib/jboss-serialization.jar
15:02:54,355 DEBUG [SARDeployer] deployed classes for file:/Users/marcioos/Server/jboss-portal-2.7.2/server/default/lib/jmx-adaptor-plugin.jar
15:02:54,355 DEBUG [SARDeployer] deployed classes for file:/Users/marcioos/Server/jboss-portal-2.7.2/server/default/lib/jbossws-spi.jar
15:02:54,355 DEBUG [SARDeployer] deployed classes for file:/Users/marcioos/Server/jboss-portal-2.7.2/server/default/lib/servlet-api.jar
15:02:54,355 DEBUG [SARDeployer] deployed classes for file:/Users/marcioos/Server/jboss-portal-2.7.2/server/default/lib/antlr.jar
15:02:54,355 DEBUG [SARDeployer] deployed classes for file:/Users/marcioos/Server/jboss-portal-2.7.2/server/default/lib/mail-plugin.jar
15:02:54,356 DEBUG [SARDeployer] deployed classes for file:/Users/marcioos/Server/jboss-portal-2.7.2/server/default/lib/jboss-jaxws.jar
15:02:54,356 DEBUG [SARDeployer] deployed classes for file:/Users/marcioos/Server/jboss-portal-2.7.2/server/default/lib/jboss-jaxws-ext.jar
15:02:54,356 DEBUG [SARDeployer] deployed classes for file:/Users/marcioos/Server/jboss-portal-2.7.2/server/default/lib/properties-plugin.jar
15:02:54,356 DEBUG [SARDeployer] deployed classes for file:/Users/marcioos/Server/jboss-portal-2.7.2/server/default/lib/hibernate3.jar
15:02:54,356 DEBUG [SARDeployer] deployed classes for file:/Users/marcioos/Server/jboss-portal-2.7.2/server/default/lib/ojdbc6.jar
15:02:54,356 DEBUG [SARDeployer] deployed classes for file:/Users/marcioos/Server/jboss-portal-2.7.2/server/default/lib/ejb.jar
15:02:54,356 DEBUG [SARDeployer] deployed classes for file:/Users/marcioos/Server/jboss-portal-2.7.2/server/default/lib/hibernate-entitymanager.jar
15:02:54,356 DEBUG [SARDeployer] deployed classes for file:/Users/marcioos/Server/jboss-portal-2.7.2/server/default/lib/javassist.jar
15:02:54,356 DEBUG [SARDeployer] deployed classes for file:/Users/marcioos/Server/jboss-portal-2.7.2/server/default/lib/quartz.jar
15:02:54,356 DEBUG [SARDeployer] deployed classes for file:/Users/marcioos/Server/jboss-portal-2.7.2/server/default/lib/jboss.jar
15:02:54,356 DEBUG [SARDeployer] deployed classes for file:/Users/marcioos/Server/jboss-portal-2.7.2/server/default/lib/jnpserver.jar
15:02:54,357 DEBUG [SARDeployer] deployed classes for file:/Users/marcioos/Server/jboss-portal-2.7.2/server/default/lib/bindingservice-plugin.jar
15:02:54,357 DEBUG [SARDeployer] deployed classes for file:/Users/marcioos/Server/jboss-portal-2.7.2/server/default/lib/scheduler-plugin.jar
15:02:54,357 DEBUG [SARDeployer] deployed classes for file:/Users/marcioos/Server/jboss-portal-2.7.2/server/default/lib/jbossws-common.jar
15:02:54,357 DEBUG [SARDeployer] deployed classes for file:/Users/marcioos/Server/jboss-portal-2.7.2/server/default/lib/postgresql-8.1-404.jdbc3.jar
15:02:54,357 DEBUG [SARDeployer] deployed classes for file:/Users/marcioos/Server/jboss-portal-2.7.2/server/default/lib/hibernate-annotations.jar
15:02:54,357 DEBUG [SARDeployer] deployed classes for file:/Users/marcioos/Server/jboss-portal-2.7.2/server/default/lib/jboss-jca.jar
15:02:54,357 DEBUG [SARDeployer] deployed classes for file:/Users/marcioos/Server/jboss-portal-2.7.2/server/default/lib/xmlparserv2.jar
15:02:54,357 DEBUG [SARDeployer] deployed classes for file:/Users/marcioos/Server/jboss-portal-2.7.2/server/default/lib/jboss-jaxrpc.jar
15:02:54,357 DEBUG [SARDeployer] about to copy 0 local directories
15:02:54,357 DEBUG [SARDeployer] looking for nested deployments in : file:/Users/marcioos/Server/jboss-portal-2.7.2/server/default/conf/jboss-service.xml
15:02:54,359 DEBUG [DeploymentInfo] createLoaderRepository from config: LoaderRepositoryConfig(repositoryName: JMImplementation:service=LoaderRepository,name=Default, repositoryClassName: null, configParserClassName: null, repositoryConfig: null)
15:02:54,360 DEBUG [RepositoryClassLoader] setRepository, repository=org.jboss.mx.loading.UnifiedLoaderRepository3@9bce0f5, cl=org.jboss.mx.loading.UnifiedClassLoader3@2771b6fd{ url=null ,addedOrder=0}
15:02:54,360 DEBUG [RepositoryClassLoader] setRepository, repository=org.jboss.mx.loading.UnifiedLoaderRepository3@9bce0f5, cl=org.jboss.mx.loading.UnifiedClassLoader3@2771b6fd{ url=null ,addedOrder=0}
15:02:54,360 DEBUG [UnifiedLoaderRepository3] Adding org.jboss.mx.loading.UnifiedClassLoader3@2771b6fd{ url=null ,addedOrder=0}
15:02:54,405 DEBUG [RepositoryClassLoader] Added url: file:/Users/marcioos/Server/jboss-portal-2.7.2/server/default/lib/ojdbc14.jar, to ucl: org.jboss.mx.loading.UnifiedClassLoader3@2771b6fd{ url=null ,addedOrder=2}
15:02:54,406 DEBUG [RepositoryClassLoader] Added url: file:/Users/marcioos/Server/jboss-portal-2.7.2/server/default/lib/jboss-remoting-int.jar, to ucl: org.jboss.mx.loading.UnifiedClassLoader3@2771b6fd{ url=null ,addedOrder=2}
15:02:54,407 DEBUG [RepositoryClassLoader] Added url: file:/Users/marcioos/Server/jboss-portal-2.7.2/server/default/lib/el-api.jar, to ucl: org.jboss.mx.loading.UnifiedClassLoader3@2771b6fd{ url=null ,addedOrder=2}
15:02:54,419 DEBUG [RepositoryClassLoader] Added url: file:/Users/marcioos/Server/jboss-portal-2.7.2/server/default/lib/mail.jar, to ucl: org.jboss.mx.loading.UnifiedClassLoader3@2771b6fd{ url=null ,addedOrder=2}
15:02:54,420 DEBUG [ClassLoaderUtils] Multiple class loaders found for pkg: 
15:02:54,436 DEBUG [RepositoryClassLoader] Added url: file:/Users/marcioos/Server/jboss-portal-2.7.2/server/default/lib/jbossjta.jar, to ucl: org.jboss.mx.loading.UnifiedClassLoader3@2771b6fd{ url=null ,addedOrder=2}
15:02:54,440 DEBUG [RepositoryClassLoader] Added url: file:/Users/marcioos/Server/jboss-portal-2.7.2/server/default/lib/jboss-management.jar, to ucl: org.jboss.mx.loading.UnifiedClassLoader3@2771b6fd{ url=null ,addedOrder=2}
15:02:54,443 DEBUG [RepositoryClassLoader] Added url: file:/Users/marcioos/Server/jboss-portal-2.7.2/server/default/lib/joesnmp.jar, to ucl: org.jboss.mx.loading.UnifiedClassLoader3@2771b6fd{ url=null ,addedOrder=2}
15:02:54,459 DEBUG [RepositoryClassLoader] Added url: file:/Users/marcioos/Server/jboss-portal-2.7.2/server/default/lib/jbossmq.jar, to ucl: org.jboss.mx.loading.UnifiedClassLoader3@2771b6fd{ url=null ,addedOrder=2}
15:02:54,469 DEBUG [RepositoryClassLoader] Added url: file:/Users/marcioos/Server/jboss-portal-2.7.2/server/default/lib/standard.jar, to ucl: org.jboss.mx.loading.UnifiedClassLoader3@2771b6fd{ url=null ,addedOrder=2}
15:02:54,471 DEBUG [RepositoryClassLoader] Added url: file:/Users/marcioos/Server/jboss-portal-2.7.2/server/default/lib/jboss-monitoring.jar, to ucl: org.jboss.mx.loading.UnifiedClassLoader3@2771b6fd{ url=null ,addedOrder=2}
15:02:54,474 DEBUG [RepositoryClassLoader] Added url: file:/Users/marcioos/Server/jboss-portal-2.7.2/server/default/lib/commons-codec.jar, to ucl: org.jboss.mx.loading.UnifiedClassLoader3@2771b6fd{ url=null ,addedOrder=2}
15:02:54,477 DEBUG [RepositoryClassLoader] Added url: file:/Users/marcioos/Server/jboss-portal-2.7.2/server/default/lib/jboss-vfs.jar, to ucl: org.jboss.mx.loading.UnifiedClassLoader3@2771b6fd{ url=null ,addedOrder=2}
15:02:54,484 DEBUG [RepositoryClassLoader] Added url: file:/Users/marcioos/Server/jboss-portal-2.7.2/server/default/lib/commons-httpclient.jar, to ucl: org.jboss.mx.loading.UnifiedClassLoader3@2771b6fd{ url=null ,addedOrder=2}
15:02:54,484 DEBUG [RepositoryClassLoader] Added url: file:/Users/marcioos/Server/jboss-portal-2.7.2/server/default/lib/jboss-hibernate.jar, to ucl: org.jboss.mx.loading.UnifiedClassLoader3@2771b6fd{ url=null ,addedOrder=2}
15:02:54,487 DEBUG [RepositoryClassLoader] Added url: file:/Users/marcioos/Server/jboss-portal-2.7.2/server/default/lib/jbossws-jboss42.jar, to ucl: org.jboss.mx.loading.UnifiedClassLoader3@2771b6fd{ url=null ,addedOrder=2}
15:02:54,648 DEBUG [RepositoryClassLoader] Added url: file:/Users/marcioos/Server/jboss-portal-2.7.2/server/default/lib/org.eclipse.persistence_1.0.0.0_2-1.jar, to ucl: org.jboss.mx.loading.UnifiedClassLoader3@2771b6fd{ url=null ,addedOrder=2}
15:02:54,651 DEBUG [RepositoryClassLoader] Added url: file:/Users/marcioos/Server/jboss-portal-2.7.2/server/default/lib/activation.jar, to ucl: org.jboss.mx.loading.UnifiedClassLoader3@2771b6fd{ url=null ,addedOrder=2}
15:02:54,734 DEBUG [RepositoryClassLoader] Added url: file:/Users/marcioos/Server/jboss-portal-2.7.2/server/default/lib/wlthint3client.jar, to ucl: org.jboss.mx.loading.UnifiedClassLoader3@2771b6fd{ url=null ,addedOrder=2}
15:02:54,744 DEBUG [RepositoryClassLoader] Added url: file:/Users/marcioos/Server/jboss-portal-2.7.2/server/default/lib/jboss-j2ee.jar, to ucl: org.jboss.mx.loading.UnifiedClassLoader3@2771b6fd{ url=null ,addedOrder=2}
15:02:54,746 DEBUG [RepositoryClassLoader] Added url: file:/Users/marcioos/Server/jboss-portal-2.7.2/server/default/lib/jbossjta-integration.jar, to ucl: org.jboss.mx.loading.UnifiedClassLoader3@2771b6fd{ url=null ,addedOrder=2}
15:02:54,748 DEBUG [RepositoryClassLoader] Added url: file:/Users/marcioos/Server/jboss-portal-2.7.2/server/default/lib/jsp-api.jar, to ucl: org.jboss.mx.loading.UnifiedClassLoader3@2771b6fd{ url=null ,addedOrder=2}
15:02:54,769 DEBUG [RepositoryClassLoader] Added url: file:/Users/marcioos/Server/jboss-portal-2.7.2/server/default/lib/jboss-remoting.jar, to ucl: org.jboss.mx.loading.UnifiedClassLoader3@2771b6fd{ url=null ,addedOrder=2}
15:02:54,770 DEBUG [RepositoryClassLoader] Added url: file:/Users/marcioos/Server/jboss-portal-2.7.2/server/default/lib/jboss-saaj.jar, to ucl: org.jboss.mx.loading.UnifiedClassLoader3@2771b6fd{ url=null ,addedOrder=2}
15:02:54,772 DEBUG [RepositoryClassLoader] Added url: file:/Users/marcioos/Server/jboss-portal-2.7.2/server/default/lib/jboss-srp.jar, to ucl: org.jboss.mx.loading.UnifiedClassLoader3@2771b6fd{ url=null ,addedOrder=2}
15:02:54,774 DEBUG [RepositoryClassLoader] Added url: file:/Users/marcioos/Server/jboss-portal-2.7.2/server/default/lib/commons-logging.jar, to ucl: org.jboss.mx.loading.UnifiedClassLoader3@2771b6fd{ url=null ,addedOrder=2}
15:02:54,790 DEBUG [RepositoryClassLoader] Added url: file:/Users/marcioos/Server/jboss-portal-2.7.2/server/default/lib/hsqldb.jar, to ucl: org.jboss.mx.loading.UnifiedClassLoader3@2771b6fd{ url=null ,addedOrder=2}
15:02:54,799 DEBUG [RepositoryClassLoader] Added url: file:/Users/marcioos/Server/jboss-portal-2.7.2/server/default/lib/log4j.jar, to ucl: org.jboss.mx.loading.UnifiedClassLoader3@2771b6fd{ url=null ,addedOrder=2}
15:02:54,801 DEBUG [RepositoryClassLoader] Added url: file:/Users/marcioos/Server/jboss-portal-2.7.2/server/default/lib/ejb3-persistence.jar, to ucl: org.jboss.mx.loading.UnifiedClassLoader3@2771b6fd{ url=null ,addedOrder=2}
15:02:54,801 DEBUG [RepositoryClassLoader] Added url: file:/Users/marcioos/Server/jboss-portal-2.7.2/server/default/lib/bsh-deployer.jar, to ucl: org.jboss.mx.loading.UnifiedClassLoader3@2771b6fd{ url=null ,addedOrder=2}
15:02:54,807 DEBUG [RepositoryClassLoader] Added url: file:/Users/marcioos/Server/jboss-portal-2.7.2/server/default/lib/bsh.jar, to ucl: org.jboss.mx.loading.UnifiedClassLoader3@2771b6fd{ url=null ,addedOrder=2}
15:02:54,815 DEBUG [RepositoryClassLoader] Added url: file:/Users/marcioos/Server/jboss-portal-2.7.2/server/default/lib/emissorNFe-client.jar, to ucl: org.jboss.mx.loading.UnifiedClassLoader3@2771b6fd{ url=null ,addedOrder=2}
15:02:54,834 DEBUG [RepositoryClassLoader] Added url: file:/Users/marcioos/Server/jboss-portal-2.7.2/server/default/lib/pojoOracleR102-raia.jar, to ucl: org.jboss.mx.loading.UnifiedClassLoader3@2771b6fd{ url=null ,addedOrder=2}
15:02:54,835 DEBUG [RepositoryClassLoader] Added url: file:/Users/marcioos/Server/jboss-portal-2.7.2/server/default/lib/jboss-ejb3x.jar, to ucl: org.jboss.mx.loading.UnifiedClassLoader3@2771b6fd{ url=null ,addedOrder=2}
15:02:54,836 DEBUG [RepositoryClassLoader] Added url: file:/Users/marcioos/Server/jboss-portal-2.7.2/server/default/lib/hsqldb-plugin.jar, to ucl: org.jboss.mx.loading.UnifiedClassLoader3@2771b6fd{ url=null ,addedOrder=2}
15:02:54,838 DEBUG [RepositoryClassLoader] Added url: file:/Users/marcioos/Server/jboss-portal-2.7.2/server/default/lib/commons-chain-1.0.jar, to ucl: org.jboss.mx.loading.UnifiedClassLoader3@2771b6fd{ url=null ,addedOrder=2}
15:02:54,964 DEBUG [RepositoryClassLoader] Added url: file:/Users/marcioos/Server/jboss-portal-2.7.2/server/default/lib/toplink.jar, to ucl: org.jboss.mx.loading.UnifiedClassLoader3@2771b6fd{ url=null ,addedOrder=2}
15:02:54,966 DEBUG [RepositoryClassLoader] Added url: file:/Users/marcioos/Server/jboss-portal-2.7.2/server/default/lib/jbossts-common.jar, to ucl: org.jboss.mx.loading.UnifiedClassLoader3@2771b6fd{ url=null ,addedOrder=2}
15:02:54,969 DEBUG [RepositoryClassLoader] Added url: file:/Users/marcioos/Server/jboss-portal-2.7.2/server/default/lib/jboss-common-jdbc-wrapper.jar, to ucl: org.jboss.mx.loading.UnifiedClassLoader3@2771b6fd{ url=null ,addedOrder=2}
15:02:54,977 DEBUG [RepositoryClassLoader] Added url: file:/Users/marcioos/Server/jboss-portal-2.7.2/server/default/lib/jboss-iiop.jar, to ucl: org.jboss.mx.loading.UnifiedClassLoader3@2771b6fd{ url=null ,addedOrder=2}
15:02:54,984 DEBUG [RepositoryClassLoader] Added url: file:/Users/marcioos/Server/jboss-portal-2.7.2/server/default/lib/jaxen.jar, to ucl: org.jboss.mx.loading.UnifiedClassLoader3@2771b6fd{ url=null ,addedOrder=2}
15:02:54,984 DEBUG [RepositoryClassLoader] Added url: file:/Users/marcioos/Server/jboss-portal-2.7.2/server/default/lib/autonumber-plugin.jar, to ucl: org.jboss.mx.loading.UnifiedClassLoader3@2771b6fd{ url=null ,addedOrder=2}
15:02:54,985 DEBUG [RepositoryClassLoader] Added url: file:/Users/marcioos/Server/jboss-portal-2.7.2/server/default/lib/xmlentitymgr.jar, to ucl: org.jboss.mx.loading.UnifiedClassLoader3@2771b6fd{ url=null ,addedOrder=2}
15:02:54,987 DEBUG [RepositoryClassLoader] Added url: file:/Users/marcioos/Server/jboss-portal-2.7.2/server/default/lib/jboss-transaction.jar, to ucl: org.jboss.mx.loading.UnifiedClassLoader3@2771b6fd{ url=null ,addedOrder=2}
15:02:54,995 DEBUG [RepositoryClassLoader] Added url: file:/Users/marcioos/Server/jboss-portal-2.7.2/server/default/lib/cglib.jar, to ucl: org.jboss.mx.loading.UnifiedClassLoader3@2771b6fd{ url=null ,addedOrder=2}
15:02:54,998 DEBUG [RepositoryClassLoader] Added url: file:/Users/marcioos/Server/jboss-portal-2.7.2/server/default/lib/jbossws-framework.jar, to ucl: org.jboss.mx.loading.UnifiedClassLoader3@2771b6fd{ url=null ,addedOrder=2}
15:02:55,012 DEBUG [RepositoryClassLoader] Added url: file:/Users/marcioos/Server/jboss-portal-2.7.2/server/default/lib/commons-collections.jar, to ucl: org.jboss.mx.loading.UnifiedClassLoader3@2771b6fd{ url=null ,addedOrder=2}
15:02:55,013 DEBUG [RepositoryClassLoader] Added url: file:/Users/marcioos/Server/jboss-portal-2.7.2/server/default/lib/jboss-jsr77.jar, to ucl: org.jboss.mx.loading.UnifiedClassLoader3@2771b6fd{ url=null ,addedOrder=2}
15:02:55,016 DEBUG [RepositoryClassLoader] Added url: file:/Users/marcioos/Server/jboss-portal-2.7.2/server/default/lib/jboss-jsr88.jar, to ucl: org.jboss.mx.loading.UnifiedClassLoader3@2771b6fd{ url=null ,addedOrder=2}
15:02:55,024 DEBUG [RepositoryClassLoader] Added url: file:/Users/marcioos/Server/jboss-portal-2.7.2/server/default/lib/jbosssx.jar, to ucl: org.jboss.mx.loading.UnifiedClassLoader3@2771b6fd{ url=null ,addedOrder=2}
15:02:55,028 DEBUG [RepositoryClassLoader] Added url: file:/Users/marcioos/Server/jboss-portal-2.7.2/server/default/lib/javax.persistence_1.0.0.0_2-0-0.jar, to ucl: org.jboss.mx.loading.UnifiedClassLoader3@2771b6fd{ url=null ,addedOrder=2}
15:02:55,029 DEBUG [RepositoryClassLoader] Added url: file:/Users/marcioos/Server/jboss-portal-2.7.2/server/default/lib/scheduler-plugin-example.jar, to ucl: org.jboss.mx.loading.UnifiedClassLoader3@2771b6fd{ url=null ,addedOrder=2}
15:02:55,038 DEBUG [RepositoryClassLoader] Added url: file:/Users/marcioos/Server/jboss-portal-2.7.2/server/default/lib/dom4j.jar, to ucl: org.jboss.mx.loading.UnifiedClassLoader3@2771b6fd{ url=null ,addedOrder=2}
15:02:55,052 DEBUG [RepositoryClassLoader] Added url: file:/Users/marcioos/Server/jboss-portal-2.7.2/server/default/lib/bcel.jar, to ucl: org.jboss.mx.loading.UnifiedClassLoader3@2771b6fd{ url=null ,addedOrder=2}
15:02:55,057 DEBUG [RepositoryClassLoader] Added url: file:/Users/marcioos/Server/jboss-portal-2.7.2/server/default/lib/bsf.jar, to ucl: org.jboss.mx.loading.UnifiedClassLoader3@2771b6fd{ url=null ,addedOrder=2}
15:02:55,058 DEBUG [RepositoryClassLoader] Added url: file:/Users/marcioos/Server/jboss-portal-2.7.2/server/default/lib/log4j-snmp-appender.jar, to ucl: org.jboss.mx.loading.UnifiedClassLoader3@2771b6fd{ url=null ,addedOrder=2}
15:02:55,061 DEBUG [RepositoryClassLoader] Added url: file:/Users/marcioos/Server/jboss-portal-2.7.2/server/default/lib/jboss-serialization.jar, to ucl: org.jboss.mx.loading.UnifiedClassLoader3@2771b6fd{ url=null ,addedOrder=2}
15:02:55,063 DEBUG [RepositoryClassLoader] Added url: file:/Users/marcioos/Server/jboss-portal-2.7.2/server/default/lib/jmx-adaptor-plugin.jar, to ucl: org.jboss.mx.loading.UnifiedClassLoader3@2771b6fd{ url=null ,addedOrder=2}
15:02:55,066 DEBUG [RepositoryClassLoader] Added url: file:/Users/marcioos/Server/jboss-portal-2.7.2/server/default/lib/jbossws-spi.jar, to ucl: org.jboss.mx.loading.UnifiedClassLoader3@2771b6fd{ url=null ,addedOrder=2}
15:02:55,069 DEBUG [RepositoryClassLoader] Added url: file:/Users/marcioos/Server/jboss-portal-2.7.2/server/default/lib/servlet-api.jar, to ucl: org.jboss.mx.loading.UnifiedClassLoader3@2771b6fd{ url=null ,addedOrder=2}
15:02:55,078 DEBUG [RepositoryClassLoader] Added url: file:/Users/marcioos/Server/jboss-portal-2.7.2/server/default/lib/antlr.jar, to ucl: org.jboss.mx.loading.UnifiedClassLoader3@2771b6fd{ url=null ,addedOrder=2}
15:02:55,079 DEBUG [RepositoryClassLoader] Added url: file:/Users/marcioos/Server/jboss-portal-2.7.2/server/default/lib/mail-plugin.jar, to ucl: org.jboss.mx.loading.UnifiedClassLoader3@2771b6fd{ url=null ,addedOrder=2}
15:02:55,080 DEBUG [RepositoryClassLoader] Added url: file:/Users/marcioos/Server/jboss-portal-2.7.2/server/default/lib/jboss-jaxws.jar, to ucl: org.jboss.mx.loading.UnifiedClassLoader3@2771b6fd{ url=null ,addedOrder=2}
15:02:55,082 DEBUG [RepositoryClassLoader] Added url: file:/Users/marcioos/Server/jboss-portal-2.7.2/server/default/lib/jboss-jaxws-ext.jar, to ucl: org.jboss.mx.loading.UnifiedClassLoader3@2771b6fd{ url=null ,addedOrder=2}
15:02:55,083 DEBUG [RepositoryClassLoader] Added url: file:/Users/marcioos/Server/jboss-portal-2.7.2/server/default/lib/properties-plugin.jar, to ucl: org.jboss.mx.loading.UnifiedClassLoader3@2771b6fd{ url=null ,addedOrder=2}
15:02:55,137 DEBUG [RepositoryClassLoader] Added url: file:/Users/marcioos/Server/jboss-portal-2.7.2/server/default/lib/hibernate3.jar, to ucl: org.jboss.mx.loading.UnifiedClassLoader3@2771b6fd{ url=null ,addedOrder=2}
15:02:55,182 DEBUG [RepositoryClassLoader] Added url: file:/Users/marcioos/Server/jboss-portal-2.7.2/server/default/lib/ojdbc6.jar, to ucl: org.jboss.mx.loading.UnifiedClassLoader3@2771b6fd{ url=null ,addedOrder=2}
15:02:55,183 DEBUG [RepositoryClassLoader] Added url: file:/Users/marcioos/Server/jboss-portal-2.7.2/server/default/lib/ejb.jar, to ucl: org.jboss.mx.loading.UnifiedClassLoader3@2771b6fd{ url=null ,addedOrder=2}
15:02:55,186 DEBUG [RepositoryClassLoader] Added url: file:/Users/marcioos/Server/jboss-portal-2.7.2/server/default/lib/hibernate-entitymanager.jar, to ucl: org.jboss.mx.loading.UnifiedClassLoader3@2771b6fd{ url=null ,addedOrder=2}
15:02:55,219 DEBUG [RepositoryClassLoader] Added url: file:/Users/marcioos/Server/jboss-portal-2.7.2/server/default/lib/javassist.jar, to ucl: org.jboss.mx.loading.UnifiedClassLoader3@2771b6fd{ url=null ,addedOrder=2}
15:02:55,230 DEBUG [RepositoryClassLoader] Added url: file:/Users/marcioos/Server/jboss-portal-2.7.2/server/default/lib/quartz.jar, to ucl: org.jboss.mx.loading.UnifiedClassLoader3@2771b6fd{ url=null ,addedOrder=2}
15:02:55,281 DEBUG [RepositoryClassLoader] Added url: file:/Users/marcioos/Server/jboss-portal-2.7.2/server/default/lib/jboss.jar, to ucl: org.jboss.mx.loading.UnifiedClassLoader3@2771b6fd{ url=null ,addedOrder=2}
15:02:55,283 DEBUG [RepositoryClassLoader] Added url: file:/Users/marcioos/Server/jboss-portal-2.7.2/server/default/lib/jnpserver.jar, to ucl: org.jboss.mx.loading.UnifiedClassLoader3@2771b6fd{ url=null ,addedOrder=2}
15:02:55,284 DEBUG [RepositoryClassLoader] Added url: file:/Users/marcioos/Server/jboss-portal-2.7.2/server/default/lib/bindingservice-plugin.jar, to ucl: org.jboss.mx.loading.UnifiedClassLoader3@2771b6fd{ url=null ,addedOrder=2}
15:02:55,286 DEBUG [RepositoryClassLoader] Added url: file:/Users/marcioos/Server/jboss-portal-2.7.2/server/default/lib/scheduler-plugin.jar, to ucl: org.jboss.mx.loading.UnifiedClassLoader3@2771b6fd{ url=null ,addedOrder=2}
15:02:55,292 DEBUG [RepositoryClassLoader] Added url: file:/Users/marcioos/Server/jboss-portal-2.7.2/server/default/lib/jbossws-common.jar, to ucl: org.jboss.mx.loading.UnifiedClassLoader3@2771b6fd{ url=null ,addedOrder=2}
15:02:55,302 DEBUG [RepositoryClassLoader] Added url: file:/Users/marcioos/Server/jboss-portal-2.7.2/server/default/lib/postgresql-8.1-404.jdbc3.jar, to ucl: org.jboss.mx.loading.UnifiedClassLoader3@2771b6fd{ url=null ,addedOrder=2}
15:02:55,312 DEBUG [RepositoryClassLoader] Added url: file:/Users/marcioos/Server/jboss-portal-2.7.2/server/default/lib/hibernate-annotations.jar, to ucl: org.jboss.mx.loading.UnifiedClassLoader3@2771b6fd{ url=null ,addedOrder=2}
15:02:55,318 DEBUG [RepositoryClassLoader] Added url: file:/Users/marcioos/Server/jboss-portal-2.7.2/server/default/lib/jboss-jca.jar, to ucl: org.jboss.mx.loading.UnifiedClassLoader3@2771b6fd{ url=null ,addedOrder=2}
15:02:55,339 DEBUG [RepositoryClassLoader] Added url: file:/Users/marcioos/Server/jboss-portal-2.7.2/server/default/lib/xmlparserv2.jar, to ucl: org.jboss.mx.loading.UnifiedClassLoader3@2771b6fd{ url=null ,addedOrder=2}
15:02:55,340 DEBUG [RepositoryClassLoader] Added url: file:/Users/marcioos/Server/jboss-portal-2.7.2/server/default/lib/jboss-jaxrpc.jar, to ucl: org.jboss.mx.loading.UnifiedClassLoader3@2771b6fd{ url=null ,addedOrder=2}
15:02:55,340 DEBUG [MainDeployer] found 0 subpackages of file:/Users/marcioos/Server/jboss-portal-2.7.2/server/default/conf/jboss-service.xml
15:02:55,341 DEBUG [MainDeployer] Watching new file: file:/Users/marcioos/Server/jboss-portal-2.7.2/server/default/conf/jboss-service.xml
15:02:55,341 DEBUG [MainDeployer] create step for deployment file:/Users/marcioos/Server/jboss-portal-2.7.2/server/default/conf/jboss-service.xml
15:02:55,341 DEBUG [SARDeployer] Deploying SAR, create step: url file:/Users/marcioos/Server/jboss-portal-2.7.2/server/default/conf/jboss-service.xml
15:02:55,341 DEBUG [SARDeployer] Registering service UCL=jmx.loading:UCL=2771b6fd
15:02:55,342 DEBUG [ServiceCreator] About to create bean: jboss.management.local:j2eeType=J2EEDomain,name=Manager with code: org.jboss.management.j2ee.LocalJBossServerDomain
15:02:55,384 DEBUG [ServiceCreator] Created bean: jboss.management.local:j2eeType=J2EEDomain,name=Manager
15:02:55,385 DEBUG [ServiceConfigurator] MainDeployer set to jboss.system:service=MainDeployer in jboss.management.local:j2eeType=J2EEDomain,name=Manager
15:02:55,386 DEBUG [ServiceConfigurator] SARDeployer set to jboss.system:service=ServiceDeployer in jboss.management.local:j2eeType=J2EEDomain,name=Manager
15:02:55,386 DEBUG [ServiceConfigurator] EARDeployer set to jboss.j2ee:service=EARDeployer in jboss.management.local:j2eeType=J2EEDomain,name=Manager
15:02:55,386 DEBUG [ServiceConfigurator] EJBDeployer set to jboss.ejb:service=EJBDeployer in jboss.management.local:j2eeType=J2EEDomain,name=Manager
15:02:55,387 DEBUG [ServiceConfigurator] RARDeployer set to jboss.jca:service=RARDeployer in jboss.management.local:j2eeType=J2EEDomain,name=Manager
15:02:55,387 DEBUG [ServiceConfigurator] CMDeployer set to jboss.jca:service=ConnectionFactoryDeployer in jboss.management.local:j2eeType=J2EEDomain,name=Manager
15:02:55,387 DEBUG [ServiceConfigurator] WARDeployer set to jboss.web:service=WebServer in jboss.management.local:j2eeType=J2EEDomain,name=Manager
15:02:55,388 DEBUG [ServiceConfigurator] CARDeployer set to jboss.j2ee:service=ClientDeployer in jboss.management.local:j2eeType=J2EEDomain,name=Manager
15:02:55,388 DEBUG [ServiceConfigurator] MailService set to jboss:service=Mail in jboss.management.local:j2eeType=J2EEDomain,name=Manager
15:02:55,388 DEBUG [ServiceConfigurator] JMSService set to jboss.mq:service=DestinationManager in jboss.management.local:j2eeType=J2EEDomain,name=Manager
15:02:55,388 DEBUG [ServiceConfigurator] JNDIService set to jboss:service=Naming in jboss.management.local:j2eeType=J2EEDomain,name=Manager
15:02:55,389 DEBUG [ServiceConfigurator] JTAService set to jboss:service=TransactionManager in jboss.management.local:j2eeType=J2EEDomain,name=Manager
15:02:55,389 DEBUG [ServiceConfigurator] UserTransactionService set to jboss:service=ClientUserTransaction in jboss.management.local:j2eeType=J2EEDomain,name=Manager
15:02:55,390 DEBUG [ServiceConfigurator] RMI_IIOPService set to jboss:service=CorbaORB in jboss.management.local:j2eeType=J2EEDomain,name=Manager
15:02:55,390 DEBUG [ServiceCreator] About to create xmbean object: jboss:service=AttributePersistenceService with code: org.jboss.system.pm.AttributePersistenceService with descriptor: resource:xmdesc/AttributePersistenceService-xmbean.xml
15:02:55,401 DEBUG [ModelMBeanInvoker] Loaded persistence mgr: org.jboss.mx.persistence.ObjectStreamPersistenceManager
15:02:55,401 DEBUG [ObjectStreamPersistenceManager] load, resource:org.jboss.system.pm.AttributePersistenceService@3ed6203c
15:02:55,401 DEBUG [ObjectStreamPersistenceManager] Store file is: /Users/marcioos/Server/jboss-portal-2.7.2/server/default/data/xmbean-attrs/AttributePersistenceService.ser
15:02:55,401 DEBUG [ServiceCreator] Created bean: jboss:service=AttributePersistenceService
15:02:55,402 DEBUG [ServiceCreator] About to create bean: jboss.system:service=ThreadPool with code: org.jboss.util.threadpool.BasicThreadPool
15:02:55,412 DEBUG [ServiceCreator] Created bean: jboss.system:service=ThreadPool
15:02:55,413 DEBUG [ServiceConfigurator] Name set to JBoss System Threads in jboss.system:service=ThreadPool
15:02:55,413 DEBUG [ServiceConfigurator] ThreadGroupName set to System Threads in jboss.system:service=ThreadPool
15:02:55,414 DEBUG [ServiceConfigurator] KeepAliveTime set to 60000 in jboss.system:service=ThreadPool
15:02:55,414 DEBUG [ServiceConfigurator] MaximumPoolSize set to 10 in jboss.system:service=ThreadPool
15:02:55,414 DEBUG [ServiceConfigurator] MaximumQueueSize set to 1000 in jboss.system:service=ThreadPool
15:02:55,416 DEBUG [ServiceConfigurator] BlockingMode set to run in jboss.system:service=ThreadPool
15:02:55,416 DEBUG [ServiceCreator] About to create xmbean object: jboss.system:type=Log4jService,service=Logging with code: org.jboss.logging.Log4jService with descriptor: resource:xmdesc/Log4jService-xmbean.xml
15:02:55,429 DEBUG [ServiceCreator] Created bean: jboss.system:type=Log4jService,service=Logging
15:02:55,431 DEBUG [ServiceConfigurator] ConfigurationURL set to resource:jboss-log4j.xml in jboss.system:type=Log4jService,service=Logging
15:02:55,431 DEBUG [ServiceConfigurator] Log4jQuietMode set to true in jboss.system:type=Log4jService,service=Logging
15:02:55,431 DEBUG [ServiceConfigurator] RefreshPeriod set to 60 in jboss.system:type=Log4jService,service=Logging
15:02:55,431 DEBUG [ServiceCreator] About to create bean: jboss.rmi:type=RMIClassLoader with code: org.jboss.util.property.jmx.SystemPropertyClassValue
15:02:55,433 DEBUG [ServiceCreator] Created bean: jboss.rmi:type=RMIClassLoader
15:02:55,434 DEBUG [ServiceConfigurator] Property set to java.rmi.server.RMIClassLoaderSpi in jboss.rmi:type=RMIClassLoader
15:02:55,434 DEBUG [ServiceConfigurator] ClassName set to org.jboss.system.JBossRMIClassLoader in jboss.rmi:type=RMIClassLoader
15:02:55,435 DEBUG [ServiceCreator] About to create bean: jboss:service=WebService with code: org.jboss.web.WebService
15:02:55,440 DEBUG [ServiceCreator] Created bean: jboss:service=WebService
15:02:55,440 DEBUG [ServiceConfigurator] BindAddress set to 127.0.0.1 in jboss:service=WebService
15:02:55,440 DEBUG [ServiceConfigurator] Port set to 8083 in jboss:service=WebService
15:02:55,441 DEBUG [ServiceConfigurator] Host set to 127.0.0.1 in jboss:service=WebService
15:02:55,441 DEBUG [ServiceConfigurator] DownloadServerClasses set to true in jboss:service=WebService
15:02:55,441 DEBUG [ServiceConfigurator] DownloadResources set to false in jboss:service=WebService
15:02:55,441 DEBUG [ServiceController] recording that jboss:service=WebService depends on jboss.system:service=ThreadPool
15:02:55,442 DEBUG [ServiceConfigurator] considering ThreadPool with object name jboss.system:service=ThreadPool
15:02:55,444 DEBUG [ServiceCreator] About to create xmbean object: jboss:service=NamingBeanImpl with code: org.jnp.server.NamingBeanImpl with descriptor: resource:xmdesc/NamingBean-xmbean.xml
15:02:55,452 DEBUG [ServiceCreator] Created bean: jboss:service=NamingBeanImpl
15:02:55,452 DEBUG [ServiceCreator] About to create xmbean object: jboss:service=Naming with code: org.jboss.naming.NamingService with descriptor: resource:xmdesc/NamingService-xmbean.xml
15:02:55,468 DEBUG [ModelMBeanInvoker] Ignoring obsolete legacy interceptor: org.jboss.mx.interceptor.PersistenceInterceptor2
15:02:55,468 DEBUG [ModelMBeanInvoker] Ignoring obsolete legacy interceptor: org.jboss.mx.interceptor.ModelMBeanInterceptor
15:02:55,468 DEBUG [ModelMBeanInvoker] Ignoring obsolete legacy interceptor: org.jboss.mx.interceptor.ObjectReferenceInterceptor
15:02:55,468 DEBUG [ServiceCreator] Created bean: jboss:service=Naming
15:02:55,468 DEBUG [ServiceConfigurator] CallByValue set to false in jboss:service=Naming
15:02:55,469 DEBUG [ServiceConfigurator] Port set to 1099 in jboss:service=Naming
15:02:55,469 DEBUG [ServiceConfigurator] BindAddress set to 127.0.0.1 in jboss:service=Naming
15:02:55,470 DEBUG [ServiceConfigurator] RmiPort set to 1098 in jboss:service=Naming
15:02:55,470 DEBUG [ServiceConfigurator] RmiBindAddress set to 127.0.0.1 in jboss:service=Naming
15:02:55,470 DEBUG [ServiceController] recording that jboss:service=Naming depends on jboss.system:service=ThreadPool
15:02:55,470 DEBUG [ServiceConfigurator] considering LookupPool with object name jboss.system:service=ThreadPool
15:02:55,472 DEBUG [ServiceController] recording that jboss:service=Naming depends on jboss:service=NamingBeanImpl
15:02:55,472 DEBUG [ServiceConfigurator] considering Naming with object name jboss:service=NamingBeanImpl
15:02:55,474 DEBUG [ServiceCreator] About to create xmbean object: jboss:service=JNDIView with code: org.jboss.naming.JNDIView with descriptor: resource:xmdesc/JNDIView-xmbean.xml
15:02:55,484 DEBUG [ServiceCreator] Created bean: jboss:service=JNDIView
15:02:55,484 DEBUG [ServiceConfigurator] HANamingService set to jboss:service=HAJNDI in jboss:service=JNDIView
15:02:55,484 DEBUG [ServiceCreator] About to create bean: jboss.security:service=SecurityConfig with code: org.jboss.security.plugins.SecurityConfig
15:02:55,488 DEBUG [ServiceCreator] Created bean: jboss.security:service=SecurityConfig
15:02:55,489 DEBUG [ServiceConfigurator] LoginConfig set to jboss.security:service=XMLLoginConfig in jboss.security:service=SecurityConfig
15:02:55,489 DEBUG [ServiceCreator] About to create bean: jboss.security:service=XMLLoginConfig with code: org.jboss.security.auth.login.XMLLoginConfig
15:02:55,495 DEBUG [ServiceCreator] Created bean: jboss.security:service=XMLLoginConfig
15:02:55,496 DEBUG [ServiceConfigurator] ConfigResource set to login-config.xml in jboss.security:service=XMLLoginConfig
15:02:55,496 DEBUG [ServiceCreator] About to create bean: jboss.security:service=JaasSecurityManager with code: org.jboss.security.plugins.JaasSecurityManagerService
15:02:55,507 DEBUG [ServiceCreator] Created bean: jboss.security:service=JaasSecurityManager
15:02:55,507 DEBUG [ServiceConfigurator] ServerMode set to true in jboss.security:service=JaasSecurityManager
15:02:55,508 DEBUG [ServiceConfigurator] SecurityManagerClassName set to org.jboss.security.plugins.JaasSecurityManager in jboss.security:service=JaasSecurityManager
15:02:55,508 DEBUG [ServiceConfigurator] DefaultUnauthenticatedPrincipal set to anonymous in jboss.security:service=JaasSecurityManager
15:02:55,508 DEBUG [ServiceConfigurator] DefaultCacheTimeout set to 1800 in jboss.security:service=JaasSecurityManager
15:02:55,508 DEBUG [ServiceConfigurator] DefaultCacheResolution set to 60 in jboss.security:service=JaasSecurityManager
15:02:55,508 DEBUG [ServiceConfigurator] DeepCopySubjectMode set to false in jboss.security:service=JaasSecurityManager
15:02:55,508 DEBUG [JaasSecurityManagerService] setDeepCopySubjectMode=false
15:02:55,509 DEBUG [ServiceCreator] About to create bean: jboss:service=XidFactory with code: org.jboss.tm.XidFactory
15:02:55,512 DEBUG [ServiceCreator] Created bean: jboss:service=XidFactory
15:02:55,512 DEBUG [ServiceCreator] About to create bean: jboss:service=TransactionManager with code: com.arjuna.ats.jbossatx.jta.TransactionManagerService
15:02:55,541 DEBUG [ServiceCreator] Created bean: jboss:service=TransactionManager
15:02:55,541 DEBUG [ServiceConfigurator] TransactionTimeout set to 300 in jboss:service=TransactionManager
15:02:55,542 DEBUG [ServiceConfigurator] ObjectStoreDir set to /Users/marcioos/Server/jboss-portal-2.7.2/server/default/data/tx-object-store in jboss:service=TransactionManager
15:02:55,542 DEBUG [ServiceCreator] About to create xmbean object: jboss:service=ClientUserTransaction with code: org.jboss.tm.usertx.server.ClientUserTransactionService with descriptor: resource:xmdesc/ClientUserTransaction-xmbean.xml
15:02:55,547 DEBUG [ServiceCreator] Created bean: jboss:service=ClientUserTransaction
15:02:55,548 DEBUG [ServiceCreator] About to create bean: jboss:service=proxyFactory,target=ClientUserTransactionFactory with code: org.jboss.invocation.jrmp.server.JRMPProxyFactory
15:02:55,551 DEBUG [ServiceCreator] Created bean: jboss:service=proxyFactory,target=ClientUserTransactionFactory
15:02:55,552 DEBUG [ServiceConfigurator] InvokerName set to jboss:service=invoker,type=unified in jboss:service=proxyFactory,target=ClientUserTransactionFactory
15:02:55,552 DEBUG [ServiceConfigurator] TargetName set to jboss:service=ClientUserTransaction in jboss:service=proxyFactory,target=ClientUserTransactionFactory
15:02:55,553 DEBUG [ServiceConfigurator] JndiName set to UserTransactionSessionFactory in jboss:service=proxyFactory,target=ClientUserTransactionFactory
15:02:55,554 DEBUG [ServiceConfigurator] ExportedInterface set to interface org.jboss.tm.usertx.interfaces.UserTransactionSessionFactory in jboss:service=proxyFactory,target=ClientUserTransactionFactory
15:02:55,557 DEBUG [ServiceConfigurator] ClientInterceptors set to [interceptors: null] in jboss:service=proxyFactory,target=ClientUserTransactionFactory
15:02:55,560 DEBUG [JRMPProxyFactory] added interceptor type: class org.jboss.proxy.ClientMethodInterceptor
15:02:55,560 DEBUG [JRMPProxyFactory] added interceptor type: class org.jboss.invocation.InvokerInterceptor
15:02:55,560 DEBUG [ServiceController] recording that jboss:service=proxyFactory,target=ClientUserTransactionFactory depends on jboss:service=invoker,type=unified
15:02:55,560 DEBUG [ServiceConfigurator] considering <anonymous> with object name jboss:service=invoker,type=unified
15:02:55,560 DEBUG [ServiceController] recording that jboss:service=ClientUserTransaction depends on jboss:service=proxyFactory,target=ClientUserTransactionFactory
15:02:55,560 DEBUG [ServiceConfigurator] considering <anonymous> with object name jboss:service=proxyFactory,target=ClientUserTransactionFactory
15:02:55,560 DEBUG [ServiceCreator] About to create bean: jboss:service=proxyFactory,target=ClientUserTransaction with code: org.jboss.invocation.jrmp.server.JRMPProxyFactory
15:02:55,561 DEBUG [ServiceCreator] Created bean: jboss:service=proxyFactory,target=ClientUserTransaction
15:02:55,561 DEBUG [ServiceConfigurator] InvokerName set to jboss:service=invoker,type=unified in jboss:service=proxyFactory,target=ClientUserTransaction
15:02:55,561 DEBUG [ServiceConfigurator] TargetName set to jboss:service=ClientUserTransaction in jboss:service=proxyFactory,target=ClientUserTransaction
15:02:55,562 DEBUG [ServiceConfigurator] ExportedInterface set to interface org.jboss.tm.usertx.interfaces.UserTransactionSession in jboss:service=proxyFactory,target=ClientUserTransaction
15:02:55,563 DEBUG [ServiceConfigurator] ClientInterceptors set to [interceptors: null] in jboss:service=proxyFactory,target=ClientUserTransaction
15:02:55,563 DEBUG [JRMPProxyFactory] added interceptor type: class org.jboss.proxy.ClientMethodInterceptor
15:02:55,563 DEBUG [JRMPProxyFactory] added interceptor type: class org.jboss.invocation.InvokerInterceptor
15:02:55,564 DEBUG [ServiceController] recording that jboss:service=proxyFactory,target=ClientUserTransaction depends on jboss:service=invoker,type=unified
15:02:55,564 DEBUG [ServiceConfigurator] considering <anonymous> with object name jboss:service=invoker,type=unified
15:02:55,564 DEBUG [ServiceController] recording that jboss:service=ClientUserTransaction depends on jboss:service=proxyFactory,target=ClientUserTransaction
15:02:55,564 DEBUG [ServiceConfigurator] considering TxProxyName with object name jboss:service=proxyFactory,target=ClientUserTransaction
15:02:55,564 DEBUG [ServiceCreator] About to create bean: jboss:service=invoker,type=unified with code: org.jboss.invocation.unified.server.UnifiedInvoker
15:02:55,570 DEBUG [ServiceCreator] Created bean: jboss:service=invoker,type=unified
15:02:55,570 DEBUG [ServiceController] recording that jboss:service=invoker,type=unified depends on jboss:service=TransactionManager
15:02:55,570 DEBUG [ServiceConfigurator] considering <anonymous> with object name jboss:service=TransactionManager
15:02:55,570 DEBUG [ServiceController] recording that jboss:service=invoker,type=unified depends on jboss.remoting:service=Connector,transport=socket
15:02:55,570 DEBUG [ServiceConfigurator] considering <anonymous> with object name jboss.remoting:service=Connector,transport=socket
15:02:55,570 DEBUG [ServiceCreator] About to create bean: jboss:service=invoker,type=jrmp with code: org.jboss.invocation.jrmp.server.JRMPInvoker
15:02:55,577 DEBUG [ServiceCreator] Created bean: jboss:service=invoker,type=jrmp
15:02:55,577 DEBUG [ServiceConfigurator] RMIObjectPort set to 4444 in jboss:service=invoker,type=jrmp
15:02:55,578 DEBUG [ServiceConfigurator] ServerAddress set to 127.0.0.1 in jboss:service=invoker,type=jrmp
15:02:55,578 DEBUG [ServiceController] recording that jboss:service=invoker,type=jrmp depends on jboss:service=TransactionManager
15:02:55,578 DEBUG [ServiceConfigurator] considering <anonymous> with object name jboss:service=TransactionManager
15:02:55,578 DEBUG [ServiceCreator] About to create bean: jboss:service=invoker,type=local with code: org.jboss.invocation.local.LocalInvoker
15:02:55,582 DEBUG [ServiceCreator] Created bean: jboss:service=invoker,type=local
15:02:55,582 DEBUG [ServiceController] recording that jboss:service=invoker,type=local depends on jboss:service=TransactionManager
15:02:55,582 DEBUG [ServiceConfigurator] considering <anonymous> with object name jboss:service=TransactionManager
15:02:55,582 DEBUG [ServiceCreator] About to create bean: jboss:service=invoker,type=pooled with code: org.jboss.invocation.pooled.server.PooledInvoker
15:02:55,588 DEBUG [ServiceCreator] Created bean: jboss:service=invoker,type=pooled
15:02:55,588 DEBUG [ServiceConfigurator] NumAcceptThreads set to 1 in jboss:service=invoker,type=pooled
15:02:55,588 DEBUG [ServiceConfigurator] MaxPoolSize set to 300 in jboss:service=invoker,type=pooled
15:02:55,588 DEBUG [ServiceConfigurator] ClientMaxPoolSize set to 300 in jboss:service=invoker,type=pooled
15:02:55,588 DEBUG [ServiceConfigurator] SocketTimeout set to 60000 in jboss:service=invoker,type=pooled
15:02:55,589 DEBUG [ServiceConfigurator] ServerBindAddress set to 127.0.0.1 in jboss:service=invoker,type=pooled
15:02:55,589 DEBUG [ServiceConfigurator] ServerBindPort set to 4445 in jboss:service=invoker,type=pooled
15:02:55,590 DEBUG [ServiceConfigurator] ClientConnectAddress set to 127.0.0.1 in jboss:service=invoker,type=pooled
15:02:55,590 DEBUG [ServiceConfigurator] ClientConnectPort set to 0 in jboss:service=invoker,type=pooled
15:02:55,590 DEBUG [ServiceConfigurator] ClientRetryCount set to 1 in jboss:service=invoker,type=pooled
15:02:55,590 DEBUG [ServiceConfigurator] EnableTcpNoDelay set to false in jboss:service=invoker,type=pooled
15:02:55,591 DEBUG [ServiceController] recording that jboss:service=invoker,type=pooled depends on jboss:service=TransactionManager
15:02:55,591 DEBUG [ServiceConfigurator] considering TransactionManagerService with object name jboss:service=TransactionManager
15:02:55,591 DEBUG [ServiceCreator] About to create bean: jboss.remoting:service=NetworkRegistry with code: org.jboss.remoting.network.NetworkRegistry
15:02:55,598 DEBUG [ServiceCreator] Created bean: jboss.remoting:service=NetworkRegistry
15:02:55,599 DEBUG [ServiceCreator] About to create bean: jboss.remoting:service=Connector,transport=socket with code: org.jboss.remoting.transport.Connector
15:02:55,603 DEBUG [ServiceCreator] Created bean: jboss.remoting:service=Connector,transport=socket
15:02:55,605 DEBUG [ServiceConfigurator] Configuration set to [config: null] in jboss.remoting:service=Connector,transport=socket
15:02:55,605 DEBUG [ServiceController] recording that jboss.remoting:service=Connector,transport=socket depends on jboss.remoting:service=NetworkRegistry
15:02:55,605 DEBUG [ServiceConfigurator] considering <anonymous> with object name jboss.remoting:service=NetworkRegistry
15:02:55,605 DEBUG [ServiceCreator] About to create bean: jboss.jdbc:service=metadata with code: org.jboss.ejb.plugins.cmp.jdbc.metadata.MetaDataLibrary
15:02:55,609 DEBUG [ServiceCreator] Created bean: jboss.jdbc:service=metadata
15:02:55,609 DEBUG [ServiceCreator] About to create bean: jboss.deployment:type=DeploymentScanner,flavor=URL with code: org.jboss.deployment.scanner.URLDeploymentScanner
15:02:55,614 DEBUG [ServiceCreator] Created bean: jboss.deployment:type=DeploymentScanner,flavor=URL
15:02:55,614 DEBUG [ServiceController] recording that jboss.deployment:type=DeploymentScanner,flavor=URL depends on jboss.system:service=MainDeployer
15:02:55,614 DEBUG [ServiceConfigurator] considering Deployer with object name jboss.system:service=MainDeployer
15:02:55,615 DEBUG [ServiceConfigurator] URLComparator set to org.jboss.deployment.DeploymentSorter in jboss.deployment:type=DeploymentScanner,flavor=URL
15:02:55,619 DEBUG [ServiceConfigurator] FilterInstance set to org.jboss.deployment.scanner.DeploymentFilter@48fb2493 in jboss.deployment:type=DeploymentScanner,flavor=URL
15:02:55,619 DEBUG [ServiceConfigurator] ScanPeriod set to 5000 in jboss.deployment:type=DeploymentScanner,flavor=URL
15:02:55,619 DEBUG [ServiceConfigurator] ScanEnabled set to true in jboss.deployment:type=DeploymentScanner,flavor=URL
15:02:55,619 DEBUG [ServiceConfigurator] URLs set to deploy/ in jboss.deployment:type=DeploymentScanner,flavor=URL
15:02:55,619 DEBUG [URLDeploymentScanner] Adding URL from spec: deploy/
15:02:55,620 DEBUG [URLDeploymentScanner] URL: file:/Users/marcioos/Server/jboss-portal-2.7.2/server/default/deploy/
15:02:55,620 DEBUG [URLDeploymentScanner] Added url: file:/Users/marcioos/Server/jboss-portal-2.7.2/server/default/deploy/
15:02:55,620 DEBUG [URLDeploymentScanner] URL list: [file:/Users/marcioos/Server/jboss-portal-2.7.2/server/default/deploy/]
15:02:55,620 DEBUG [ServiceConfigurator] RecursiveSearch set to true in jboss.deployment:type=DeploymentScanner,flavor=URL
15:02:55,620 DEBUG [ServiceController] Creating service jboss.management.local:j2eeType=J2EEDomain,name=Manager
15:02:55,620 DEBUG [LocalJBossServerDomain] Creating jboss.management.local:j2eeType=J2EEDomain,name=Manager
15:02:55,620 DEBUG [LocalJBossServerDomain] setupJ2EEMBeans(), create J2EEServer instance
15:02:55,623 DEBUG [J2EEDomain] ctor, name: jboss.management.local:name=jboss.management.local,j2eeType=J2EEDomain
15:02:55,625 DEBUG [J2EEDomain] postRegister(), parent: null
15:02:55,626 DEBUG [J2EEServer] postRegister(), parent: jboss.management.local:j2eeType=J2EEDomain,name=jboss.management.local
15:02:55,636 DEBUG [JVM] postRegister(), parent: jboss.management.local:j2eeType=J2EEServer,name=Local
15:02:55,641 DEBUG [LocalJBossServerDomain] Registered as listener of: jboss.system:service=ServiceController
15:02:55,648 DEBUG [LocalJBossServerDomain] Registering with all deployers, mainDeployer=jboss.system:service=MainDeployer
15:02:55,649 DEBUG [LocalJBossServerDomain] Getting current deployers
15:02:55,649 DEBUG [LocalJBossServerDomain] Registering as listener of deployer: jboss.system:service=ServiceDeployer
15:02:55,649 DEBUG [LocalJBossServerDomain] Registering as listener of deployer: jboss.system:service=JARDeployer
15:02:55,649 DEBUG [LocalJBossServerDomain] Created jboss.management.local:j2eeType=J2EEDomain,name=Manager
15:02:55,649 DEBUG [LocalJBossServerDomain] handleNotification: javax.management.Notification[source=jboss.system:service=ServiceController][type=org.jboss.system.ServiceMBean.create][message=]
15:02:55,649 DEBUG [DefaultManagedObjectFactoryMap] Failed to find factory for event: javax.management.Notification[source=jboss.system:service=ServiceController][type=org.jboss.system.ServiceMBean.create][message=]
15:02:55,649 DEBUG [ServiceController] Creating dependent components for: jboss.management.local:j2eeType=J2EEDomain,name=Manager dependents are: []
15:02:55,649 DEBUG [ServiceController] Creating service jboss:service=AttributePersistenceService
15:02:55,649 DEBUG [AttributePersistenceService] Creating jboss:service=AttributePersistenceService
15:02:55,649 DEBUG [AttributePersistenceService] Created jboss:service=AttributePersistenceService
15:02:55,650 DEBUG [LocalJBossServerDomain] handleNotification: javax.management.Notification[source=jboss.system:service=ServiceController][type=org.jboss.system.ServiceMBean.create][message=]
15:02:55,650 DEBUG [DefaultManagedObjectFactoryMap] Failed to find factory for event: javax.management.Notification[source=jboss.system:service=ServiceController][type=org.jboss.system.ServiceMBean.create][message=]
15:02:55,650 DEBUG [ServiceController] Creating dependent components for: jboss:service=AttributePersistenceService dependents are: []
15:02:55,650 DEBUG [ServiceController] Creating service jboss.system:service=ThreadPool
15:02:55,650 DEBUG [LocalJBossServerDomain] handleNotification: javax.management.Notification[source=jboss.system:service=ServiceController][type=org.jboss.system.ServiceMBean.create][message=]
15:02:55,650 DEBUG [DefaultManagedObjectFactoryMap] Failed to find factory for event: javax.management.Notification[source=jboss.system:service=ServiceController][type=org.jboss.system.ServiceMBean.create][message=]
15:02:55,650 DEBUG [ServiceController] Creating dependent components for: jboss.system:service=ThreadPool dependents are: [ObjectName: jboss:service=WebService
  State: CONFIGURED
  I Depend On:
    jboss.system:service=ThreadPool
, ObjectName: jboss:service=Naming
  State: CONFIGURED
  I Depend On:
    jboss.system:service=ThreadPool
    jboss:service=NamingBeanImpl
]
15:02:55,650 DEBUG [ServiceController] Creating service jboss:service=WebService
15:02:55,650 DEBUG [WebService] Creating jboss:service=WebService
15:02:55,650 INFO  [WebService] Using RMI server codebase: http://127.0.0.1:8083/
15:02:55,651 DEBUG [WebService] Created jboss:service=WebService
15:02:55,651 DEBUG [LocalJBossServerDomain] handleNotification: javax.management.Notification[source=jboss.system:service=ServiceController][type=org.jboss.system.ServiceMBean.create][message=]
15:02:55,651 DEBUG [DefaultManagedObjectFactoryMap] Failed to find factory for event: javax.management.Notification[source=jboss.system:service=ServiceController][type=org.jboss.system.ServiceMBean.create][message=]
15:02:55,651 DEBUG [ServiceController] Creating dependent components for: jboss:service=WebService dependents are: []
15:02:55,651 DEBUG [ServiceController] Creating service jboss:service=Naming
15:02:55,651 DEBUG [ServiceController] waiting in create of jboss:service=Naming waiting on jboss:service=NamingBeanImpl
15:02:55,651 DEBUG [ServiceController] Creating service jboss.system:type=Log4jService,service=Logging
15:02:55,651 DEBUG [Log4jService] Creating jboss.system:type=Log4jService,service=Logging
15:02:55,651 INFO  [Log4jService$URLWatchTimerTask] Configuring from URL: resource:jboss-log4j.xml
