2021-10-27 15:03:09,171 ERROR [org.hibernate.proxy.pojo.BasicLazyInitializer] Javassist Enhancement failed: org.jbpm.identity.User
java.lang.VerifyError: (class: org/jbpm/identity/User_$$_javassist_68, method: _d5implies signature: (Ljavax/security/auth/Subject;)Z) Illegal use of nonvirtual function call
	at java.lang.Class.getDeclaredFields0(Native Method)
	at java.lang.Class.privateGetDeclaredFields(Class.java:2583)
	at java.lang.Class.getField0(Class.java:2975)
	at java.lang.Class.getField(Class.java:1701)
	at javassist.util.proxy.ProxyFactory.setField(ProxyFactory.java:350)
	at javassist.util.proxy.ProxyFactory.createClass3(ProxyFactory.java:339)
	at javassist.util.proxy.ProxyFactory.createClass2(ProxyFactory.java:312)
	at javassist.util.proxy.ProxyFactory.createClass(ProxyFactory.java:271)
	at org.hibernate.proxy.pojo.javassist.JavassistLazyInitializer.getProxyFactory(JavassistLazyInitializer.java:138)
	at org.hibernate.proxy.pojo.javassist.JavassistProxyFactory.postInstantiate(JavassistProxyFactory.java:42)
	at org.hibernate.tuple.entity.PojoEntityTuplizer.buildProxyFactory(PojoEntityTuplizer.java:162)
	at org.hibernate.tuple.entity.AbstractEntityTuplizer.<init>(AbstractEntityTuplizer.java:135)
	at org.hibernate.tuple.entity.PojoEntityTuplizer.<init>(PojoEntityTuplizer.java:55)
	at org.hibernate.tuple.entity.EntityEntityModeToTuplizerMapping.<init>(EntityEntityModeToTuplizerMapping.java:56)
	at org.hibernate.tuple.entity.EntityMetamodel.<init>(EntityMetamodel.java:295)
	at org.hibernate.persister.entity.AbstractEntityPersister.<init>(AbstractEntityPersister.java:434)
	at org.hibernate.persister.entity.SingleTableEntityPersister.<init>(SingleTableEntityPersister.java:109)
	at org.hibernate.persister.PersisterFactory.createClassPersister(PersisterFactory.java:55)
	at org.hibernate.impl.SessionFactoryImpl.<init>(SessionFactoryImpl.java:226)
	at org.hibernate.cfg.Configuration.buildSessionFactory(Configuration.java:1294)
	at org.jboss.portal.jems.hibernate.SessionFactoryBinder.createSessionFactory(SessionFactoryBinder.java:413)
	at org.jboss.portal.jems.hibernate.SessionFactoryBinder.startService(SessionFactoryBinder.java:249)
	at org.jboss.system.ServiceMBeanSupport.jbossInternalStart(ServiceMBeanSupport.java:289)
	at org.jboss.system.ServiceMBeanSupport.start(ServiceMBeanSupport.java:196)
	at org.jboss.portal.jems.as.system.AbstractJBossService.start(AbstractJBossService.java:73)
	at sun.reflect.GeneratedMethodAccessor21.invoke(Unknown Source)
	at sun.reflect.DelegatingMethodAccessorImpl.invoke(DelegatingMethodAccessorImpl.java:43)
	at java.lang.reflect.Method.invoke(Method.java:498)
	at org.jboss.portal.jems.as.system.JBossServiceModelMBean$ServiceMixin.execute(JBossServiceModelMBean.java:486)
	at org.jboss.portal.jems.as.system.JBossServiceModelMBean$ServiceMixin.startService(JBossServiceModelMBean.java:452)
	at org.jboss.system.ServiceMBeanSupport.jbossInternalStart(ServiceMBeanSupport.java:289)
	at org.jboss.system.ServiceMBeanSupport.start(ServiceMBeanSupport.java:196)
	at org.jboss.portal.jems.as.system.JBossServiceModelMBean$6.invoke(JBossServiceModelMBean.java:374)
	at org.jboss.mx.server.Invocation.dispatch(Invocation.java:94)
	at org.jboss.mx.interceptor.AbstractInterceptor.invoke(AbstractInterceptor.java:133)
	at org.jboss.mx.server.Invocation.invoke(Invocation.java:88)
	at org.jboss.mx.interceptor.ModelMBeanOperationInterceptor.invoke(ModelMBeanOperationInterceptor.java:142)
	at org.jboss.mx.server.Invocation.invoke(Invocation.java:88)
	at org.jboss.mx.server.AbstractMBeanInvoker.invoke(AbstractMBeanInvoker.java:264)
	at org.jboss.mx.server.MBeanServerImpl.invoke(MBeanServerImpl.java:659)
	at org.jboss.system.ServiceController$ServiceProxy.invoke(ServiceController.java:995)
	at com.sun.proxy.$Proxy0.start(Unknown Source)
	at org.jboss.system.ServiceController.start(ServiceController.java:417)
	at org.jboss.system.ServiceController.start(ServiceController.java:435)
	at org.jboss.system.ServiceController.start(ServiceController.java:435)
	at org.jboss.system.ServiceController.start(ServiceController.java:435)
	at org.jboss.system.ServiceController.start(ServiceController.java:435)
	at sun.reflect.GeneratedMethodAccessor9.invoke(Unknown Source)
	at sun.reflect.DelegatingMethodAccessorImpl.invoke(DelegatingMethodAccessorImpl.java:43)
	at java.lang.reflect.Method.invoke(Method.java:498)
	at org.jboss.mx.interceptor.ReflectedDispatcher.invoke(ReflectedDispatcher.java:155)
	at org.jboss.mx.server.Invocation.dispatch(Invocation.java:94)
	at org.jboss.mx.server.Invocation.invoke(Invocation.java:86)
	at org.jboss.mx.server.AbstractMBeanInvoker.invoke(AbstractMBeanInvoker.java:264)
	at org.jboss.mx.server.MBeanServerImpl.invoke(MBeanServerImpl.java:659)
	at org.jboss.mx.util.MBeanProxyExt.invoke(MBeanProxyExt.java:210)
	at com.sun.proxy.$Proxy4.start(Unknown Source)
	at org.jboss.deployment.SARDeployer.start(SARDeployer.java:304)
	at sun.reflect.NativeMethodAccessorImpl.invoke0(Native Method)
	at sun.reflect.NativeMethodAccessorImpl.invoke(NativeMethodAccessorImpl.java:62)
	at sun.reflect.DelegatingMethodAccessorImpl.invoke(DelegatingMethodAccessorImpl.java:43)
	at java.lang.reflect.Method.invoke(Method.java:498)
	at org.jboss.mx.interceptor.ReflectedDispatcher.invoke(ReflectedDispatcher.java:155)
	at org.jboss.mx.server.Invocation.dispatch(Invocation.java:94)
	at org.jboss.mx.interceptor.AbstractInterceptor.invoke(AbstractInterceptor.java:133)
	at org.jboss.mx.server.Invocation.invoke(Invocation.java:88)
	at org.jboss.mx.interceptor.ModelMBeanOperationInterceptor.invoke(ModelMBeanOperationInterceptor.java:142)
	at org.jboss.mx.server.Invocation.invoke(Invocation.java:88)
	at org.jboss.mx.server.AbstractMBeanInvoker.invoke(AbstractMBeanInvoker.java:264)
	at org.jboss.mx.server.MBeanServerImpl.invoke(MBeanServerImpl.java:659)
	at org.jboss.mx.util.MBeanProxyExt.invoke(MBeanProxyExt.java:210)
	at com.sun.proxy.$Proxy191.start(Unknown Source)
	at org.jboss.deployment.XSLSubDeployer.start(XSLSubDeployer.java:197)
	at org.jboss.deployment.MainDeployer.start(MainDeployer.java:1025)
	at org.jboss.deployment.MainDeployer.deploy(MainDeployer.java:819)
	at org.jboss.deployment.MainDeployer.deploy(MainDeployer.java:782)
	at sun.reflect.GeneratedMethodAccessor26.invoke(Unknown Source)
	at sun.reflect.DelegatingMethodAccessorImpl.invoke(DelegatingMethodAccessorImpl.java:43)
	at java.lang.reflect.Method.invoke(Method.java:498)
	at org.jboss.mx.interceptor.ReflectedDispatcher.invoke(ReflectedDispatcher.java:155)
	at org.jboss.mx.server.Invocation.dispatch(Invocation.java:94)
	at org.jboss.mx.interceptor.AbstractInterceptor.invoke(AbstractInterceptor.java:133)
	at org.jboss.mx.server.Invocation.invoke(Invocation.java:88)
	at org.jboss.mx.interceptor.ModelMBeanOperationInterceptor.invoke(ModelMBeanOperationInterceptor.java:142)
	at org.jboss.mx.server.Invocation.invoke(Invocation.java:88)
	at org.jboss.mx.server.AbstractMBeanInvoker.invoke(AbstractMBeanInvoker.java:264)
	at org.jboss.mx.server.MBeanServerImpl.invoke(MBeanServerImpl.java:659)
	at org.jboss.mx.util.MBeanProxyExt.invoke(MBeanProxyExt.java:210)
	at com.sun.proxy.$Proxy9.deploy(Unknown Source)
	at org.jboss.deployment.scanner.URLDeploymentScanner.deploy(URLDeploymentScanner.java:421)
	at org.jboss.deployment.scanner.URLDeploymentScanner.scan(URLDeploymentScanner.java:634)
	at org.jboss.deployment.scanner.AbstractDeploymentScanner$ScannerThread.doScan(AbstractDeploymentScanner.java:263)
	at org.jboss.deployment.scanner.AbstractDeploymentScanner.startService(AbstractDeploymentScanner.java:336)
	at org.jboss.system.ServiceMBeanSupport.jbossInternalStart(ServiceMBeanSupport.java:289)
	at org.jboss.system.ServiceMBeanSupport.jbossInternalLifecycle(ServiceMBeanSupport.java:245)
	at sun.reflect.GeneratedMethodAccessor3.invoke(Unknown Source)
	at sun.reflect.DelegatingMethodAccessorImpl.invoke(DelegatingMethodAccessorImpl.java:43)
	at java.lang.reflect.Method.invoke(Method.java:498)
	at org.jboss.mx.interceptor.ReflectedDispatcher.invoke(ReflectedDispatcher.java:155)
	at org.jboss.mx.server.Invocation.dispatch(Invocation.java:94)
	at org.jboss.mx.server.Invocation.invoke(Invocation.java:86)
	at org.jboss.mx.server.AbstractMBeanInvoker.invoke(AbstractMBeanInvoker.java:264)
	at org.jboss.mx.server.MBeanServerImpl.invoke(MBeanServerImpl.java:659)
	at org.jboss.system.ServiceController$ServiceProxy.invoke(ServiceController.java:978)
	at com.sun.proxy.$Proxy0.start(Unknown Source)
	at org.jboss.system.ServiceController.start(ServiceController.java:417)
	at sun.reflect.GeneratedMethodAccessor9.invoke(Unknown Source)
	at sun.reflect.DelegatingMethodAccessorImpl.invoke(DelegatingMethodAccessorImpl.java:43)
	at java.lang.reflect.Method.invoke(Method.java:498)
	at org.jboss.mx.interceptor.ReflectedDispatcher.invoke(ReflectedDispatcher.java:155)
	at org.jboss.mx.server.Invocation.dispatch(Invocation.java:94)
	at org.jboss.mx.server.Invocation.invoke(Invocation.java:86)
	at org.jboss.mx.server.AbstractMBeanInvoker.invoke(AbstractMBeanInvoker.java:264)
	at org.jboss.mx.server.MBeanServerImpl.invoke(MBeanServerImpl.java:659)
	at org.jboss.mx.util.MBeanProxyExt.invoke(MBeanProxyExt.java:210)
	at com.sun.proxy.$Proxy4.start(Unknown Source)
	at org.jboss.deployment.SARDeployer.start(SARDeployer.java:304)
	at org.jboss.deployment.MainDeployer.start(MainDeployer.java:1025)
	at org.jboss.deployment.MainDeployer.deploy(MainDeployer.java:819)
	at org.jboss.deployment.MainDeployer.deploy(MainDeployer.java:782)
	at org.jboss.deployment.MainDeployer.deploy(MainDeployer.java:766)
	at sun.reflect.NativeMethodAccessorImpl.invoke0(Native Method)
	at sun.reflect.NativeMethodAccessorImpl.invoke(NativeMethodAccessorImpl.java:62)
	at sun.reflect.DelegatingMethodAccessorImpl.invoke(DelegatingMethodAccessorImpl.java:43)
	at java.lang.reflect.Method.invoke(Method.java:498)
	at org.jboss.mx.interceptor.ReflectedDispatcher.invoke(ReflectedDispatcher.java:155)
	at org.jboss.mx.server.Invocation.dispatch(Invocation.java:94)
	at org.jboss.mx.interceptor.AbstractInterceptor.invoke(AbstractInterceptor.java:133)
	at org.jboss.mx.server.Invocation.invoke(Invocation.java:88)
	at org.jboss.mx.interceptor.ModelMBeanOperationInterceptor.invoke(ModelMBeanOperationInterceptor.java:142)
	at org.jboss.mx.server.Invocation.invoke(Invocation.java:88)
	at org.jboss.mx.server.AbstractMBeanInvoker.invoke(AbstractMBeanInvoker.java:264)
	at org.jboss.mx.server.MBeanServerImpl.invoke(MBeanServerImpl.java:659)
	at org.jboss.mx.util.MBeanProxyExt.invoke(MBeanProxyExt.java:210)
	at com.sun.proxy.$Proxy5.deploy(Unknown Source)
	at org.jboss.system.server.ServerImpl.doStart(ServerImpl.java:482)
	at org.jboss.system.server.ServerImpl.start(ServerImpl.java:362)
	at org.jboss.Main.boot(Main.java:200)
	at org.jboss.Main$1.run(Main.java:508)
	at java.lang.Thread.run(Thread.java:748)
2021-10-27 15:03:09,175 ERROR [org.hibernate.proxy.pojo.BasicLazyInitializer] Javassist Enhancement failed: org.jbpm.identity.User
java.lang.VerifyError: (class: org/jbpm/identity/User_$$_javassist_68, method: _d5implies signature: (Ljavax/security/auth/Subject;)Z) Illegal use of nonvirtual function call
	at java.lang.Class.getDeclaredFields0(Native Method)
	at java.lang.Class.privateGetDeclaredFields(Class.java:2583)
	at java.lang.Class.getField0(Class.java:2975)
	at java.lang.Class.getField(Class.java:1701)
	at javassist.util.proxy.ProxyFactory.setField(ProxyFactory.java:350)
	at javassist.util.proxy.ProxyFactory.createClass3(ProxyFactory.java:339)
	at javassist.util.proxy.ProxyFactory.createClass2(ProxyFactory.java:312)
	at javassist.util.proxy.ProxyFactory.createClass(ProxyFactory.java:271)
	at org.hibernate.proxy.pojo.javassist.JavassistLazyInitializer.getProxyFactory(JavassistLazyInitializer.java:138)
	at org.hibernate.proxy.pojo.javassist.JavassistProxyFactory.postInstantiate(JavassistProxyFactory.java:42)
	at org.hibernate.tuple.entity.PojoEntityTuplizer.buildProxyFactory(PojoEntityTuplizer.java:162)
	at org.hibernate.tuple.entity.AbstractEntityTuplizer.<init>(AbstractEntityTuplizer.java:135)
	at org.hibernate.tuple.entity.PojoEntityTuplizer.<init>(PojoEntityTuplizer.java:55)
	at org.hibernate.tuple.entity.EntityEntityModeToTuplizerMapping.<init>(EntityEntityModeToTuplizerMapping.java:56)
	at org.hibernate.tuple.entity.EntityMetamodel.<init>(EntityMetamodel.java:295)
	at org.hibernate.persister.entity.AbstractEntityPersister.<init>(AbstractEntityPersister.java:434)
	at org.hibernate.persister.entity.SingleTableEntityPersister.<init>(SingleTableEntityPersister.java:109)
	at org.hibernate.persister.PersisterFactory.createClassPersister(PersisterFactory.java:55)
	at org.hibernate.impl.SessionFactoryImpl.<init>(SessionFactoryImpl.java:226)
	at org.hibernate.cfg.Configuration.buildSessionFactory(Configuration.java:1294)
	at org.jboss.portal.jems.hibernate.SessionFactoryBinder.createSessionFactory(SessionFactoryBinder.java:413)
	at org.jboss.portal.jems.hibernate.SessionFactoryBinder.startService(SessionFactoryBinder.java:249)
	at org.jboss.system.ServiceMBeanSupport.jbossInternalStart(ServiceMBeanSupport.java:289)
	at org.jboss.system.ServiceMBeanSupport.start(ServiceMBeanSupport.java:196)
	at org.jboss.portal.jems.as.system.AbstractJBossService.start(AbstractJBossService.java:73)
	at sun.reflect.GeneratedMethodAccessor21.invoke(Unknown Source)
	at sun.reflect.DelegatingMethodAccessorImpl.invoke(DelegatingMethodAccessorImpl.java:43)
	at java.lang.reflect.Method.invoke(Method.java:498)
	at org.jboss.portal.jems.as.system.JBossServiceModelMBean$ServiceMixin.execute(JBossServiceModelMBean.java:486)
	at org.jboss.portal.jems.as.system.JBossServiceModelMBean$ServiceMixin.startService(JBossServiceModelMBean.java:452)
	at org.jboss.system.ServiceMBeanSupport.jbossInternalStart(ServiceMBeanSupport.java:289)
	at org.jboss.system.ServiceMBeanSupport.start(ServiceMBeanSupport.java:196)
	at org.jboss.portal.jems.as.system.JBossServiceModelMBean$6.invoke(JBossServiceModelMBean.java:374)
	at org.jboss.mx.server.Invocation.dispatch(Invocation.java:94)
	at org.jboss.mx.interceptor.AbstractInterceptor.invoke(AbstractInterceptor.java:133)
	at org.jboss.mx.server.Invocation.invoke(Invocation.java:88)
	at org.jboss.mx.interceptor.ModelMBeanOperationInterceptor.invoke(ModelMBeanOperationInterceptor.java:142)
	at org.jboss.mx.server.Invocation.invoke(Invocation.java:88)
	at org.jboss.mx.server.AbstractMBeanInvoker.invoke(AbstractMBeanInvoker.java:264)
	at org.jboss.mx.server.MBeanServerImpl.invoke(MBeanServerImpl.java:659)
	at org.jboss.system.ServiceController$ServiceProxy.invoke(ServiceController.java:995)
	at com.sun.proxy.$Proxy0.start(Unknown Source)
	at org.jboss.system.ServiceController.start(ServiceController.java:417)
	at org.jboss.system.ServiceController.start(ServiceController.java:435)
	at org.jboss.system.ServiceController.start(ServiceController.java:435)
	at org.jboss.system.ServiceController.start(ServiceController.java:435)
	at org.jboss.system.ServiceController.start(ServiceController.java:435)
	at sun.reflect.GeneratedMethodAccessor9.invoke(Unknown Source)
	at sun.reflect.DelegatingMethodAccessorImpl.invoke(DelegatingMethodAccessorImpl.java:43)
	at java.lang.reflect.Method.invoke(Method.java:498)
	at org.jboss.mx.interceptor.ReflectedDispatcher.invoke(ReflectedDispatcher.java:155)
	at org.jboss.mx.server.Invocation.dispatch(Invocation.java:94)
	at org.jboss.mx.server.Invocation.invoke(Invocation.java:86)
	at org.jboss.mx.server.AbstractMBeanInvoker.invoke(AbstractMBeanInvoker.java:264)
	at org.jboss.mx.server.MBeanServerImpl.invoke(MBeanServerImpl.java:659)
	at org.jboss.mx.util.MBeanProxyExt.invoke(MBeanProxyExt.java:210)
	at com.sun.proxy.$Proxy4.start(Unknown Source)
	at org.jboss.deployment.SARDeployer.start(SARDeployer.java:304)
	at sun.reflect.NativeMethodAccessorImpl.invoke0(Native Method)
	at sun.reflect.NativeMethodAccessorImpl.invoke(NativeMethodAccessorImpl.java:62)
	at sun.reflect.DelegatingMethodAccessorImpl.invoke(DelegatingMethodAccessorImpl.java:43)
	at java.lang.reflect.Method.invoke(Method.java:498)
	at org.jboss.mx.interceptor.ReflectedDispatcher.invoke(ReflectedDispatcher.java:155)
	at org.jboss.mx.server.Invocation.dispatch(Invocation.java:94)
	at org.jboss.mx.interceptor.AbstractInterceptor.invoke(AbstractInterceptor.java:133)
	at org.jboss.mx.server.Invocation.invoke(Invocation.java:88)
	at org.jboss.mx.interceptor.ModelMBeanOperationInterceptor.invoke(ModelMBeanOperationInterceptor.java:142)
	at org.jboss.mx.server.Invocation.invoke(Invocation.java:88)
	at org.jboss.mx.server.AbstractMBeanInvoker.invoke(AbstractMBeanInvoker.java:264)
	at org.jboss.mx.server.MBeanServerImpl.invoke(MBeanServerImpl.java:659)
	at org.jboss.mx.util.MBeanProxyExt.invoke(MBeanProxyExt.java:210)
	at com.sun.proxy.$Proxy191.start(Unknown Source)
	at org.jboss.deployment.XSLSubDeployer.start(XSLSubDeployer.java:197)
	at org.jboss.deployment.MainDeployer.start(MainDeployer.java:1025)
	at org.jboss.deployment.MainDeployer.deploy(MainDeployer.java:819)
	at org.jboss.deployment.MainDeployer.deploy(MainDeployer.java:782)
	at sun.reflect.GeneratedMethodAccessor26.invoke(Unknown Source)
	at sun.reflect.DelegatingMethodAccessorImpl.invoke(DelegatingMethodAccessorImpl.java:43)
	at java.lang.reflect.Method.invoke(Method.java:498)
	at org.jboss.mx.interceptor.ReflectedDispatcher.invoke(ReflectedDispatcher.java:155)
	at org.jboss.mx.server.Invocation.dispatch(Invocation.java:94)
	at org.jboss.mx.interceptor.AbstractInterceptor.invoke(AbstractInterceptor.java:133)
	at org.jboss.mx.server.Invocation.invoke(Invocation.java:88)
	at org.jboss.mx.interceptor.ModelMBeanOperationInterceptor.invoke(ModelMBeanOperationInterceptor.java:142)
	at org.jboss.mx.server.Invocation.invoke(Invocation.java:88)
	at org.jboss.mx.server.AbstractMBeanInvoker.invoke(AbstractMBeanInvoker.java:264)
	at org.jboss.mx.server.MBeanServerImpl.invoke(MBeanServerImpl.java:659)
	at org.jboss.mx.util.MBeanProxyExt.invoke(MBeanProxyExt.java:210)
	at com.sun.proxy.$Proxy9.deploy(Unknown Source)
	at org.jboss.deployment.scanner.URLDeploymentScanner.deploy(URLDeploymentScanner.java:421)
	at org.jboss.deployment.scanner.URLDeploymentScanner.scan(URLDeploymentScanner.java:634)
	at org.jboss.deployment.scanner.AbstractDeploymentScanner$ScannerThread.doScan(AbstractDeploymentScanner.java:263)
	at org.jboss.deployment.scanner.AbstractDeploymentScanner.startService(AbstractDeploymentScanner.java:336)
	at org.jboss.system.ServiceMBeanSupport.jbossInternalStart(ServiceMBeanSupport.java:289)
	at org.jboss.system.ServiceMBeanSupport.jbossInternalLifecycle(ServiceMBeanSupport.java:245)
	at sun.reflect.GeneratedMethodAccessor3.invoke(Unknown Source)
	at sun.reflect.DelegatingMethodAccessorImpl.invoke(DelegatingMethodAccessorImpl.java:43)
	at java.lang.reflect.Method.invoke(Method.java:498)
	at org.jboss.mx.interceptor.ReflectedDispatcher.invoke(ReflectedDispatcher.java:155)
	at org.jboss.mx.server.Invocation.dispatch(Invocation.java:94)
	at org.jboss.mx.server.Invocation.invoke(Invocation.java:86)
	at org.jboss.mx.server.AbstractMBeanInvoker.invoke(AbstractMBeanInvoker.java:264)
	at org.jboss.mx.server.MBeanServerImpl.invoke(MBeanServerImpl.java:659)
	at org.jboss.system.ServiceController$ServiceProxy.invoke(ServiceController.java:978)
	at com.sun.proxy.$Proxy0.start(Unknown Source)
	at org.jboss.system.ServiceController.start(ServiceController.java:417)
	at sun.reflect.GeneratedMethodAccessor9.invoke(Unknown Source)
	at sun.reflect.DelegatingMethodAccessorImpl.invoke(DelegatingMethodAccessorImpl.java:43)
	at java.lang.reflect.Method.invoke(Method.java:498)
	at org.jboss.mx.interceptor.ReflectedDispatcher.invoke(ReflectedDispatcher.java:155)
	at org.jboss.mx.server.Invocation.dispatch(Invocation.java:94)
	at org.jboss.mx.server.Invocation.invoke(Invocation.java:86)
	at org.jboss.mx.server.AbstractMBeanInvoker.invoke(AbstractMBeanInvoker.java:264)
	at org.jboss.mx.server.MBeanServerImpl.invoke(MBeanServerImpl.java:659)
	at org.jboss.mx.util.MBeanProxyExt.invoke(MBeanProxyExt.java:210)
	at com.sun.proxy.$Proxy4.start(Unknown Source)
	at org.jboss.deployment.SARDeployer.start(SARDeployer.java:304)
	at org.jboss.deployment.MainDeployer.start(MainDeployer.java:1025)
	at org.jboss.deployment.MainDeployer.deploy(MainDeployer.java:819)
	at org.jboss.deployment.MainDeployer.deploy(MainDeployer.java:782)
	at org.jboss.deployment.MainDeployer.deploy(MainDeployer.java:766)
	at sun.reflect.NativeMethodAccessorImpl.invoke0(Native Method)
	at sun.reflect.NativeMethodAccessorImpl.invoke(NativeMethodAccessorImpl.java:62)
	at sun.reflect.DelegatingMethodAccessorImpl.invoke(DelegatingMethodAccessorImpl.java:43)
	at java.lang.reflect.Method.invoke(Method.java:498)
	at org.jboss.mx.interceptor.ReflectedDispatcher.invoke(ReflectedDispatcher.java:155)
	at org.jboss.mx.server.Invocation.dispatch(Invocation.java:94)
	at org.jboss.mx.interceptor.AbstractInterceptor.invoke(AbstractInterceptor.java:133)
	at org.jboss.mx.server.Invocation.invoke(Invocation.java:88)
	at org.jboss.mx.interceptor.ModelMBeanOperationInterceptor.invoke(ModelMBeanOperationInterceptor.java:142)
	at org.jboss.mx.server.Invocation.invoke(Invocation.java:88)
	at org.jboss.mx.server.AbstractMBeanInvoker.invoke(AbstractMBeanInvoker.java:264)
	at org.jboss.mx.server.MBeanServerImpl.invoke(MBeanServerImpl.java:659)
	at org.jboss.mx.util.MBeanProxyExt.invoke(MBeanProxyExt.java:210)
	at com.sun.proxy.$Proxy5.deploy(Unknown Source)
	at org.jboss.system.server.ServerImpl.doStart(ServerImpl.java:482)
	at org.jboss.system.server.ServerImpl.start(ServerImpl.java:362)
	at org.jboss.Main.boot(Main.java:200)
	at org.jboss.Main$1.run(Main.java:508)
	at java.lang.Thread.run(Thread.java:748)
2021-10-27 15:03:10,188 ERROR [org.hibernate.proxy.pojo.BasicLazyInitializer] Javassist Enhancement failed: org.jbpm.identity.User
java.lang.VerifyError: (class: org/jbpm/identity/User_$$_javassist_103, method: _d5implies signature: (Ljavax/security/auth/Subject;)Z) Illegal use of nonvirtual function call
	at java.lang.Class.getDeclaredFields0(Native Method)
	at java.lang.Class.privateGetDeclaredFields(Class.java:2583)
	at java.lang.Class.getField0(Class.java:2975)
	at java.lang.Class.getField(Class.java:1701)
	at javassist.util.proxy.ProxyFactory.setField(ProxyFactory.java:350)
	at javassist.util.proxy.ProxyFactory.createClass3(ProxyFactory.java:339)
	at javassist.util.proxy.ProxyFactory.createClass2(ProxyFactory.java:312)
	at javassist.util.proxy.ProxyFactory.createClass(ProxyFactory.java:271)
	at org.hibernate.proxy.pojo.javassist.JavassistLazyInitializer.getProxyFactory(JavassistLazyInitializer.java:138)
	at org.hibernate.proxy.pojo.javassist.JavassistProxyFactory.postInstantiate(JavassistProxyFactory.java:42)
	at org.hibernate.tuple.entity.PojoEntityTuplizer.buildProxyFactory(PojoEntityTuplizer.java:162)
	at org.hibernate.tuple.entity.AbstractEntityTuplizer.<init>(AbstractEntityTuplizer.java:135)
	at org.hibernate.tuple.entity.PojoEntityTuplizer.<init>(PojoEntityTuplizer.java:55)
	at org.hibernate.tuple.entity.EntityEntityModeToTuplizerMapping.<init>(EntityEntityModeToTuplizerMapping.java:56)
	at org.hibernate.tuple.entity.EntityMetamodel.<init>(EntityMetamodel.java:295)
	at org.hibernate.persister.entity.AbstractEntityPersister.<init>(AbstractEntityPersister.java:434)
	at org.hibernate.persister.entity.SingleTableEntityPersister.<init>(SingleTableEntityPersister.java:109)
	at org.hibernate.persister.PersisterFactory.createClassPersister(PersisterFactory.java:55)
	at org.hibernate.impl.SessionFactoryImpl.<init>(SessionFactoryImpl.java:226)
	at org.hibernate.cfg.Configuration.buildSessionFactory(Configuration.java:1294)
	at org.jbpm.persistence.db.DbPersistenceServiceFactory.getSessionFactory(DbPersistenceServiceFactory.java:91)
	at org.jbpm.persistence.jta.JtaDbPersistenceService.isCurrentJtaTransactionAvailable(JtaDbPersistenceService.java:42)
	at org.jbpm.persistence.jta.JtaDbPersistenceService.<init>(JtaDbPersistenceService.java:27)
	at org.jbpm.persistence.jta.JtaDbPersistenceServiceFactory.openService(JtaDbPersistenceServiceFactory.java:17)
	at org.jbpm.svc.Services.getService(Services.java:144)
	at org.jbpm.svc.Services.getPersistenceService(Services.java:183)
	at org.jbpm.JbpmContext.getPersistenceService(JbpmContext.java:628)
	at org.jbpm.JbpmContext.getJobSession(JbpmContext.java:561)
	at org.jbpm.job.executor.JobExecutorThread.acquireJobs(JobExecutorThread.java:112)
	at org.jbpm.job.executor.JobExecutorThread.run(JobExecutorThread.java:58)
2021-10-27 15:03:10,189 ERROR [org.hibernate.proxy.pojo.BasicLazyInitializer] Javassist Enhancement failed: org.jbpm.identity.User
java.lang.VerifyError: (class: org/jbpm/identity/User_$$_javassist_103, method: _d5implies signature: (Ljavax/security/auth/Subject;)Z) Illegal use of nonvirtual function call
	at java.lang.Class.getDeclaredFields0(Native Method)
	at java.lang.Class.privateGetDeclaredFields(Class.java:2583)
	at java.lang.Class.getField0(Class.java:2975)
	at java.lang.Class.getField(Class.java:1701)
	at javassist.util.proxy.ProxyFactory.setField(ProxyFactory.java:350)
	at javassist.util.proxy.ProxyFactory.createClass3(ProxyFactory.java:339)
	at javassist.util.proxy.ProxyFactory.createClass2(ProxyFactory.java:312)
	at javassist.util.proxy.ProxyFactory.createClass(ProxyFactory.java:271)
	at org.hibernate.proxy.pojo.javassist.JavassistLazyInitializer.getProxyFactory(JavassistLazyInitializer.java:138)
	at org.hibernate.proxy.pojo.javassist.JavassistProxyFactory.postInstantiate(JavassistProxyFactory.java:42)
	at org.hibernate.tuple.entity.PojoEntityTuplizer.buildProxyFactory(PojoEntityTuplizer.java:162)
	at org.hibernate.tuple.entity.AbstractEntityTuplizer.<init>(AbstractEntityTuplizer.java:135)
	at org.hibernate.tuple.entity.PojoEntityTuplizer.<init>(PojoEntityTuplizer.java:55)
	at org.hibernate.tuple.entity.EntityEntityModeToTuplizerMapping.<init>(EntityEntityModeToTuplizerMapping.java:56)
	at org.hibernate.tuple.entity.EntityMetamodel.<init>(EntityMetamodel.java:295)
	at org.hibernate.persister.entity.AbstractEntityPersister.<init>(AbstractEntityPersister.java:434)
	at org.hibernate.persister.entity.SingleTableEntityPersister.<init>(SingleTableEntityPersister.java:109)
	at org.hibernate.persister.PersisterFactory.createClassPersister(PersisterFactory.java:55)
	at org.hibernate.impl.SessionFactoryImpl.<init>(SessionFactoryImpl.java:226)
	at org.hibernate.cfg.Configuration.buildSessionFactory(Configuration.java:1294)
	at org.jbpm.persistence.db.DbPersistenceServiceFactory.getSessionFactory(DbPersistenceServiceFactory.java:91)
	at org.jbpm.persistence.jta.JtaDbPersistenceService.isCurrentJtaTransactionAvailable(JtaDbPersistenceService.java:42)
	at org.jbpm.persistence.jta.JtaDbPersistenceService.<init>(JtaDbPersistenceService.java:27)
	at org.jbpm.persistence.jta.JtaDbPersistenceServiceFactory.openService(JtaDbPersistenceServiceFactory.java:17)
	at org.jbpm.svc.Services.getService(Services.java:144)
	at org.jbpm.svc.Services.getPersistenceService(Services.java:183)
	at org.jbpm.JbpmContext.getPersistenceService(JbpmContext.java:628)
	at org.jbpm.JbpmContext.getJobSession(JbpmContext.java:561)
	at org.jbpm.job.executor.JobExecutorThread.acquireJobs(JobExecutorThread.java:112)
	at org.jbpm.job.executor.JobExecutorThread.run(JobExecutorThread.java:58)
2021-10-27 15:03:20,366 ERROR [STDERR] SLF4J: Class path contains multiple SLF4J bindings.
2021-10-27 15:03:20,366 ERROR [STDERR] SLF4J: Found binding in [jar:file:/Users/marcioos/Server/jboss-portal-2.7.2/server/default/deploy/jboss-portal.sar/portal-cms.sar/lib/slf4j-log4j12-1.3.0.jar!/org/slf4j/impl/StaticLoggerBinder.class]
2021-10-27 15:03:20,366 ERROR [STDERR] SLF4J: Found binding in [jar:file:/Users/marcioos/Server/jboss-portal-2.7.2/server/default/tmp/deploy/tmp4615637753011280723slf4j-log4j12-1.3.0.jar!/org/slf4j/impl/StaticLoggerBinder.class]
2021-10-27 15:03:20,366 ERROR [STDERR] SLF4J: Found binding in [jar:file:/Users/marcioos/Server/jboss-portal-2.7.2/server/default/tmp/deploy/tmp7075919302398764625cadprecoconcorrencia-portlet_1.0-exp.war/WEB-INF/lib/slf4j-simple-1.7.22.jar!/org/slf4j/impl/StaticLoggerBinder.class]
2021-10-27 15:03:20,366 ERROR [STDERR] SLF4J: See http://www.slf4j.org/codes.html#multiple_bindings for an explanation.
2021-10-27 15:03:20,372 ERROR [STDERR] SLF4J: Actual binding is of type [org.slf4j.impl.SimpleLoggerFactory]
2021-10-27 15:03:21,040 ERROR [STDERR] SLF4J: Class path contains multiple SLF4J bindings.
2021-10-27 15:03:21,041 ERROR [STDERR] SLF4J: Found binding in [jar:file:/Users/marcioos/Server/jboss-portal-2.7.2/server/default/deploy/jboss-portal.sar/portal-cms.sar/lib/slf4j-log4j12-1.3.0.jar!/org/slf4j/impl/StaticLoggerBinder.class]
2021-10-27 15:03:21,041 ERROR [STDERR] SLF4J: Found binding in [jar:file:/Users/marcioos/Server/jboss-portal-2.7.2/server/default/tmp/deploy/tmp4615637753011280723slf4j-log4j12-1.3.0.jar!/org/slf4j/impl/StaticLoggerBinder.class]
2021-10-27 15:03:21,041 ERROR [STDERR] SLF4J: Found binding in [jar:file:/Users/marcioos/Server/jboss-portal-2.7.2/server/default/tmp/deploy/tmp7327436809301616437consultar-pbm-portlet_1.0-exp.war/WEB-INF/lib/slf4j-simple-1.7.22.jar!/org/slf4j/impl/StaticLoggerBinder.class]
2021-10-27 15:03:21,041 ERROR [STDERR] SLF4J: See http://www.slf4j.org/codes.html#multiple_bindings for an explanation.
2021-10-27 15:03:21,047 ERROR [STDERR] SLF4J: Actual binding is of type [org.slf4j.impl.SimpleLoggerFactory]
2021-10-27 15:03:22,072 ERROR [org.jboss.deployment.MainDeployer] Could not create deployment: file:/Users/marcioos/Server/jboss-portal-2.7.2/server/default/tmp/deploy/tmp2890694159613231260etiquetaPreco-web-exp.war/WEB-INF/
org.jboss.deployment.DeploymentException: Cannot deploy portlet application; - nested throwable: (java.lang.NullPointerException)
	at org.jboss.portal.portlet.deployment.jboss.PortletAppDeployment.create(PortletAppDeployment.java:157)
	at org.jboss.portal.server.deployment.jboss.DeploymentContext.create(DeploymentContext.java:87)
	at org.jboss.portal.server.deployment.jboss.PortalDeploymentInfoContext.create(PortalDeploymentInfoContext.java:204)
	at org.jboss.portal.server.deployment.jboss.ServerDeployer.create(ServerDeployer.java:208)
	at org.jboss.deployment.MainDeployer.create(MainDeployer.java:969)
	at org.jboss.deployment.MainDeployer.deploy(MainDeployer.java:818)
	at sun.reflect.GeneratedMethodAccessor182.invoke(Unknown Source)
	at sun.reflect.DelegatingMethodAccessorImpl.invoke(DelegatingMethodAccessorImpl.java:43)
	at java.lang.reflect.Method.invoke(Method.java:498)
	at org.jboss.mx.interceptor.ReflectedDispatcher.invoke(ReflectedDispatcher.java:155)
	at org.jboss.mx.server.Invocation.dispatch(Invocation.java:94)
	at org.jboss.mx.interceptor.AbstractInterceptor.invoke(AbstractInterceptor.java:133)
	at org.jboss.mx.server.Invocation.invoke(Invocation.java:88)
	at org.jboss.mx.interceptor.ModelMBeanOperationInterceptor.invoke(ModelMBeanOperationInterceptor.java:142)
	at org.jboss.mx.server.Invocation.invoke(Invocation.java:88)
	at org.jboss.mx.server.AbstractMBeanInvoker.invoke(AbstractMBeanInvoker.java:264)
	at org.jboss.mx.server.MBeanServerImpl.invoke(MBeanServerImpl.java:659)
	at org.jboss.mx.util.MBeanProxyExt.invoke(MBeanProxyExt.java:210)
	at com.sun.proxy.$Proxy215.deploy(Unknown Source)
	at org.jboss.portal.server.deployment.jboss.ServerDeployer.deploy(ServerDeployer.java:259)
	at org.jboss.portal.server.deployment.WebAppAdapter.deploy(WebAppAdapter.java:53)
	at org.jboss.portal.server.deployment.WebAppIntercepter.handleNotification(WebAppIntercepter.java:159)
	at sun.reflect.GeneratedMethodAccessor4.invoke(Unknown Source)
	at sun.reflect.DelegatingMethodAccessorImpl.invoke(DelegatingMethodAccessorImpl.java:43)
	at java.lang.reflect.Method.invoke(Method.java:498)
	at org.jboss.mx.notification.NotificationListenerProxy.invoke(NotificationListenerProxy.java:153)
	at com.sun.proxy.$Proxy217.handleNotification(Unknown Source)
	at org.jboss.mx.util.JBossNotificationBroadcasterSupport.handleNotification(JBossNotificationBroadcasterSupport.java:127)
	at org.jboss.mx.util.JBossNotificationBroadcasterSupport.sendNotification(JBossNotificationBroadcasterSupport.java:108)
	at org.jboss.deployment.SubDeployerSupport.emitNotification(SubDeployerSupport.java:340)
	at org.jboss.deployment.SubDeployerSupport.start(SubDeployerSupport.java:308)
	at org.jboss.web.AbstractWebContainer.start(AbstractWebContainer.java:482)
	at sun.reflect.GeneratedMethodAccessor80.invoke(Unknown Source)
	at sun.reflect.DelegatingMethodAccessorImpl.invoke(DelegatingMethodAccessorImpl.java:43)
	at java.lang.reflect.Method.invoke(Method.java:498)
	at org.jboss.mx.interceptor.ReflectedDispatcher.invoke(ReflectedDispatcher.java:155)
	at org.jboss.mx.server.Invocation.dispatch(Invocation.java:94)
	at org.jboss.mx.interceptor.AbstractInterceptor.invoke(AbstractInterceptor.java:133)
	at org.jboss.mx.server.Invocation.invoke(Invocation.java:88)
	at org.jboss.mx.interceptor.ModelMBeanOperationInterceptor.invoke(ModelMBeanOperationInterceptor.java:142)
	at org.jboss.mx.interceptor.DynamicInterceptor.invoke(DynamicInterceptor.java:97)
	at org.jboss.system.InterceptorServiceMBeanSupport.invokeNext(InterceptorServiceMBeanSupport.java:238)
	at org.jboss.wsf.container.jboss42.DeployerInterceptor.start(DeployerInterceptor.java:87)
	at org.jboss.deployment.SubDeployerInterceptorSupport$XMBeanInterceptor.start(SubDeployerInterceptorSupport.java:188)
	at org.jboss.deployment.SubDeployerInterceptor.invoke(SubDeployerInterceptor.java:95)
	at org.jboss.mx.server.Invocation.invoke(Invocation.java:88)
	at org.jboss.mx.server.AbstractMBeanInvoker.invoke(AbstractMBeanInvoker.java:264)
	at org.jboss.mx.server.MBeanServerImpl.invoke(MBeanServerImpl.java:659)
	at org.jboss.mx.util.MBeanProxyExt.invoke(MBeanProxyExt.java:210)
	at com.sun.proxy.$Proxy194.start(Unknown Source)
	at org.jboss.deployment.MainDeployer.start(MainDeployer.java:1025)
	at org.jboss.deployment.MainDeployer.deploy(MainDeployer.java:819)
	at org.jboss.deployment.MainDeployer.deploy(MainDeployer.java:782)
	at sun.reflect.GeneratedMethodAccessor26.invoke(Unknown Source)
	at sun.reflect.DelegatingMethodAccessorImpl.invoke(DelegatingMethodAccessorImpl.java:43)
	at java.lang.reflect.Method.invoke(Method.java:498)
	at org.jboss.mx.interceptor.ReflectedDispatcher.invoke(ReflectedDispatcher.java:155)
	at org.jboss.mx.server.Invocation.dispatch(Invocation.java:94)
	at org.jboss.mx.interceptor.AbstractInterceptor.invoke(AbstractInterceptor.java:133)
	at org.jboss.mx.server.Invocation.invoke(Invocation.java:88)
	at org.jboss.mx.interceptor.ModelMBeanOperationInterceptor.invoke(ModelMBeanOperationInterceptor.java:142)
	at org.jboss.mx.server.Invocation.invoke(Invocation.java:88)
	at org.jboss.mx.server.AbstractMBeanInvoker.invoke(AbstractMBeanInvoker.java:264)
	at org.jboss.mx.server.MBeanServerImpl.invoke(MBeanServerImpl.java:659)
	at org.jboss.mx.util.MBeanProxyExt.invoke(MBeanProxyExt.java:210)
	at com.sun.proxy.$Proxy9.deploy(Unknown Source)
	at org.jboss.deployment.scanner.URLDeploymentScanner.deploy(URLDeploymentScanner.java:421)
	at org.jboss.deployment.scanner.URLDeploymentScanner.scan(URLDeploymentScanner.java:634)
	at org.jboss.deployment.scanner.AbstractDeploymentScanner$ScannerThread.doScan(AbstractDeploymentScanner.java:263)
	at org.jboss.deployment.scanner.AbstractDeploymentScanner.startService(AbstractDeploymentScanner.java:336)
	at org.jboss.system.ServiceMBeanSupport.jbossInternalStart(ServiceMBeanSupport.java:289)
	at org.jboss.system.ServiceMBeanSupport.jbossInternalLifecycle(ServiceMBeanSupport.java:245)
	at sun.reflect.GeneratedMethodAccessor3.invoke(Unknown Source)
	at sun.reflect.DelegatingMethodAccessorImpl.invoke(DelegatingMethodAccessorImpl.java:43)
	at java.lang.reflect.Method.invoke(Method.java:498)
	at org.jboss.mx.interceptor.ReflectedDispatcher.invoke(ReflectedDispatcher.java:155)
	at org.jboss.mx.server.Invocation.dispatch(Invocation.java:94)
	at org.jboss.mx.server.Invocation.invoke(Invocation.java:86)
	at org.jboss.mx.server.AbstractMBeanInvoker.invoke(AbstractMBeanInvoker.java:264)
	at org.jboss.mx.server.MBeanServerImpl.invoke(MBeanServerImpl.java:659)
	at org.jboss.system.ServiceController$ServiceProxy.invoke(ServiceController.java:978)
	at com.sun.proxy.$Proxy0.start(Unknown Source)
	at org.jboss.system.ServiceController.start(ServiceController.java:417)
	at sun.reflect.GeneratedMethodAccessor9.invoke(Unknown Source)
	at sun.reflect.DelegatingMethodAccessorImpl.invoke(DelegatingMethodAccessorImpl.java:43)
	at java.lang.reflect.Method.invoke(Method.java:498)
	at org.jboss.mx.interceptor.ReflectedDispatcher.invoke(ReflectedDispatcher.java:155)
	at org.jboss.mx.server.Invocation.dispatch(Invocation.java:94)
	at org.jboss.mx.server.Invocation.invoke(Invocation.java:86)
	at org.jboss.mx.server.AbstractMBeanInvoker.invoke(AbstractMBeanInvoker.java:264)
	at org.jboss.mx.server.MBeanServerImpl.invoke(MBeanServerImpl.java:659)
	at org.jboss.mx.util.MBeanProxyExt.invoke(MBeanProxyExt.java:210)
	at com.sun.proxy.$Proxy4.start(Unknown Source)
	at org.jboss.deployment.SARDeployer.start(SARDeployer.java:304)
	at org.jboss.deployment.MainDeployer.start(MainDeployer.java:1025)
	at org.jboss.deployment.MainDeployer.deploy(MainDeployer.java:819)
	at org.jboss.deployment.MainDeployer.deploy(MainDeployer.java:782)
	at org.jboss.deployment.MainDeployer.deploy(MainDeployer.java:766)
	at sun.reflect.NativeMethodAccessorImpl.invoke0(Native Method)
	at sun.reflect.NativeMethodAccessorImpl.invoke(NativeMethodAccessorImpl.java:62)
	at sun.reflect.DelegatingMethodAccessorImpl.invoke(DelegatingMethodAccessorImpl.java:43)
	at java.lang.reflect.Method.invoke(Method.java:498)
	at org.jboss.mx.interceptor.ReflectedDispatcher.invoke(ReflectedDispatcher.java:155)
	at org.jboss.mx.server.Invocation.dispatch(Invocation.java:94)
	at org.jboss.mx.interceptor.AbstractInterceptor.invoke(AbstractInterceptor.java:133)
	at org.jboss.mx.server.Invocation.invoke(Invocation.java:88)
	at org.jboss.mx.interceptor.ModelMBeanOperationInterceptor.invoke(ModelMBeanOperationInterceptor.java:142)
	at org.jboss.mx.server.Invocation.invoke(Invocation.java:88)
	at org.jboss.mx.server.AbstractMBeanInvoker.invoke(AbstractMBeanInvoker.java:264)
	at org.jboss.mx.server.MBeanServerImpl.invoke(MBeanServerImpl.java:659)
	at org.jboss.mx.util.MBeanProxyExt.invoke(MBeanProxyExt.java:210)
	at com.sun.proxy.$Proxy5.deploy(Unknown Source)
	at org.jboss.system.server.ServerImpl.doStart(ServerImpl.java:482)
	at org.jboss.system.server.ServerImpl.start(ServerImpl.java:362)
	at org.jboss.Main.boot(Main.java:200)
	at org.jboss.Main$1.run(Main.java:508)
	at java.lang.Thread.run(Thread.java:748)
Caused by: java.lang.NullPointerException
	at org.jboss.portal.portlet.deployment.jboss.PortletAppDeployment.create(PortletAppDeployment.java:132)
	... 116 more
2021-10-27 15:03:24,864 ERROR [STDERR] SLF4J: Class path contains multiple SLF4J bindings.
2021-10-27 15:03:24,864 ERROR [STDERR] SLF4J: Found binding in [jar:file:/Users/marcioos/Server/jboss-portal-2.7.2/server/default/deploy/jboss-portal.sar/portal-cms.sar/lib/slf4j-log4j12-1.3.0.jar!/org/slf4j/impl/StaticLoggerBinder.class]
2021-10-27 15:03:24,864 ERROR [STDERR] SLF4J: Found binding in [jar:file:/Users/marcioos/Server/jboss-portal-2.7.2/server/default/tmp/deploy/tmp4615637753011280723slf4j-log4j12-1.3.0.jar!/org/slf4j/impl/StaticLoggerBinder.class]
2021-10-27 15:03:24,864 ERROR [STDERR] SLF4J: Found binding in [jar:file:/Users/marcioos/Server/jboss-portal-2.7.2/server/default/tmp/deploy/tmp2072967744549460147tc-adc-portletsWEB-exp.war/WEB-INF/lib/slf4j-simple-1.7.22.jar!/org/slf4j/impl/StaticLoggerBinder.class]
2021-10-27 15:03:24,864 ERROR [STDERR] SLF4J: See http://www.slf4j.org/codes.html#multiple_bindings for an explanation.
2021-10-27 15:03:24,868 ERROR [STDERR] SLF4J: Actual binding is of type [org.slf4j.impl.SimpleLoggerFactory]
2021-10-27 15:03:32,386 ERROR [STDERR] SLF4J: Class path contains multiple SLF4J bindings.
2021-10-27 15:03:32,386 ERROR [STDERR] SLF4J: Found binding in [jar:file:/Users/marcioos/Server/jboss-portal-2.7.2/server/default/deploy/jboss-portal.sar/portal-cms.sar/lib/slf4j-log4j12-1.3.0.jar!/org/slf4j/impl/StaticLoggerBinder.class]
2021-10-27 15:03:32,386 ERROR [STDERR] SLF4J: Found binding in [jar:file:/Users/marcioos/Server/jboss-portal-2.7.2/server/default/tmp/deploy/tmp4615637753011280723slf4j-log4j12-1.3.0.jar!/org/slf4j/impl/StaticLoggerBinder.class]
2021-10-27 15:03:32,386 ERROR [STDERR] SLF4J: Found binding in [jar:file:/Users/marcioos/Server/jboss-portal-2.7.2/server/default/tmp/deploy/tmp8838888716534659770tc-core-portlets_1.0-exp.war/WEB-INF/lib/slf4j-simple-1.7.22.jar!/org/slf4j/impl/StaticLoggerBinder.class]
2021-10-27 15:03:32,387 ERROR [STDERR] SLF4J: See http://www.slf4j.org/codes.html#multiple_bindings for an explanation.
2021-10-27 15:03:32,392 ERROR [STDERR] SLF4J: Actual binding is of type [org.slf4j.impl.SimpleLoggerFactory]
2021-10-27 15:03:34,390 ERROR [STDERR] SLF4J: Class path contains multiple SLF4J bindings.
2021-10-27 15:03:34,390 ERROR [STDERR] SLF4J: Found binding in [jar:file:/Users/marcioos/Server/jboss-portal-2.7.2/server/default/deploy/jboss-portal.sar/portal-cms.sar/lib/slf4j-log4j12-1.3.0.jar!/org/slf4j/impl/StaticLoggerBinder.class]
2021-10-27 15:03:34,390 ERROR [STDERR] SLF4J: Found binding in [jar:file:/Users/marcioos/Server/jboss-portal-2.7.2/server/default/tmp/deploy/tmp4615637753011280723slf4j-log4j12-1.3.0.jar!/org/slf4j/impl/StaticLoggerBinder.class]
2021-10-27 15:03:34,390 ERROR [STDERR] SLF4J: Found binding in [jar:file:/Users/marcioos/Server/jboss-portal-2.7.2/server/default/tmp/deploy/tmp6006698149806509794tc-encomenda-portletsWEB-exp.war/WEB-INF/lib/slf4j-simple-1.7.22.jar!/org/slf4j/impl/StaticLoggerBinder.class]
2021-10-27 15:03:34,390 ERROR [STDERR] SLF4J: See http://www.slf4j.org/codes.html#multiple_bindings for an explanation.
2021-10-27 15:03:34,396 ERROR [STDERR] SLF4J: Actual binding is of type [org.slf4j.impl.SimpleLoggerFactory]
2021-10-27 15:03:36,150 ERROR [STDERR] SLF4J: Class path contains multiple SLF4J bindings.
2021-10-27 15:03:36,150 ERROR [STDERR] SLF4J: Found binding in [jar:file:/Users/marcioos/Server/jboss-portal-2.7.2/server/default/deploy/jboss-portal.sar/portal-cms.sar/lib/slf4j-log4j12-1.3.0.jar!/org/slf4j/impl/StaticLoggerBinder.class]
2021-10-27 15:03:36,150 ERROR [STDERR] SLF4J: Found binding in [jar:file:/Users/marcioos/Server/jboss-portal-2.7.2/server/default/tmp/deploy/tmp4615637753011280723slf4j-log4j12-1.3.0.jar!/org/slf4j/impl/StaticLoggerBinder.class]
2021-10-27 15:03:36,150 ERROR [STDERR] SLF4J: Found binding in [jar:file:/Users/marcioos/Server/jboss-portal-2.7.2/server/default/tmp/deploy/tmp1811678278581551811tc-nfeutilities-portlets-exp.war/WEB-INF/lib/slf4j-simple-1.7.22.jar!/org/slf4j/impl/StaticLoggerBinder.class]
2021-10-27 15:03:36,150 ERROR [STDERR] SLF4J: See http://www.slf4j.org/codes.html#multiple_bindings for an explanation.
2021-10-27 15:03:36,157 ERROR [STDERR] SLF4J: Actual binding is of type [org.slf4j.impl.SimpleLoggerFactory]
2021-10-27 15:03:58,423 ERROR [STDERR] [http-127.0.0.1-8080-1] INFO br.com.drogaraia.tc.portlet.LoginLojaPortlet - action=consultaFilial cdLogomarca=2
2021-10-27 15:04:04,219 ERROR [STDERR] [http-127.0.0.1-8080-2] INFO br.com.drogaraia.tc.portlet.LoginLojaPortlet - action=consultaFilial cdLogomarca=2
2021-10-27 15:04:05,869 ERROR [STDERR] [http-127.0.0.1-8080-5] INFO br.com.drogaraia.tc.portlet.LoginLojaPortlet - action=consultaFilial cdLogomarca=2
2021-10-27 15:54:42,744 ERROR [org.jboss.deployment.MainDeployer] Deployer destroy failed for: file:/Users/marcioos/Server/jboss-portal-2.7.2/server/default/tmp/deploy/tmp2890694159613231260etiquetaPreco-web-exp.war/WEB-INF/
java.lang.NullPointerException
	at org.jboss.portal.portlet.deployment.jboss.PortletAppDeployment.destroy(PortletAppDeployment.java:334)
	at org.jboss.portal.server.deployment.jboss.DeploymentContext.destroy(DeploymentContext.java:125)
	at org.jboss.portal.server.deployment.jboss.PortalDeploymentInfoContext.destroy(PortalDeploymentInfoContext.java:252)
	at org.jboss.portal.server.deployment.jboss.ServerDeployer.destroy(ServerDeployer.java:235)
	at org.jboss.deployment.MainDeployer.destroy(MainDeployer.java:704)
	at org.jboss.deployment.MainDeployer.undeploy(MainDeployer.java:639)
	at org.jboss.deployment.MainDeployer.undeploy(MainDeployer.java:632)
	at org.jboss.deployment.MainDeployer.undeploy(MainDeployer.java:615)
	at sun.reflect.NativeMethodAccessorImpl.invoke0(Native Method)
	at sun.reflect.NativeMethodAccessorImpl.invoke(NativeMethodAccessorImpl.java:62)
	at sun.reflect.DelegatingMethodAccessorImpl.invoke(DelegatingMethodAccessorImpl.java:43)
	at java.lang.reflect.Method.invoke(Method.java:498)
	at org.jboss.mx.interceptor.ReflectedDispatcher.invoke(ReflectedDispatcher.java:155)
	at org.jboss.mx.server.Invocation.dispatch(Invocation.java:94)
	at org.jboss.mx.interceptor.AbstractInterceptor.invoke(AbstractInterceptor.java:133)
	at org.jboss.mx.server.Invocation.invoke(Invocation.java:88)
	at org.jboss.mx.interceptor.ModelMBeanOperationInterceptor.invoke(ModelMBeanOperationInterceptor.java:142)
	at org.jboss.mx.server.Invocation.invoke(Invocation.java:88)
	at org.jboss.mx.server.AbstractMBeanInvoker.invoke(AbstractMBeanInvoker.java:264)
	at org.jboss.mx.server.MBeanServerImpl.invoke(MBeanServerImpl.java:659)
	at org.jboss.mx.util.MBeanProxyExt.invoke(MBeanProxyExt.java:210)
	at com.sun.proxy.$Proxy215.undeploy(Unknown Source)
	at org.jboss.portal.server.deployment.jboss.ServerDeployer.undeploy(ServerDeployer.java:270)
	at org.jboss.portal.server.deployment.WebAppAdapter.undeploy(WebAppAdapter.java:65)
	at org.jboss.portal.server.deployment.WebAppIntercepter.handleNotification(WebAppIntercepter.java:170)
	at sun.reflect.GeneratedMethodAccessor4.invoke(Unknown Source)
	at sun.reflect.DelegatingMethodAccessorImpl.invoke(DelegatingMethodAccessorImpl.java:43)
	at java.lang.reflect.Method.invoke(Method.java:498)
	at org.jboss.mx.notification.NotificationListenerProxy.invoke(NotificationListenerProxy.java:153)
	at com.sun.proxy.$Proxy217.handleNotification(Unknown Source)
	at org.jboss.mx.util.JBossNotificationBroadcasterSupport.handleNotification(JBossNotificationBroadcasterSupport.java:127)
	at org.jboss.mx.util.JBossNotificationBroadcasterSupport.sendNotification(JBossNotificationBroadcasterSupport.java:108)
	at org.jboss.deployment.SubDeployerSupport.emitNotification(SubDeployerSupport.java:340)
	at org.jboss.deployment.SubDeployerSupport.stop(SubDeployerSupport.java:319)
	at org.jboss.web.AbstractWebContainer.stop(AbstractWebContainer.java:509)
	at sun.reflect.NativeMethodAccessorImpl.invoke0(Native Method)
	at sun.reflect.NativeMethodAccessorImpl.invoke(NativeMethodAccessorImpl.java:62)
	at sun.reflect.DelegatingMethodAccessorImpl.invoke(DelegatingMethodAccessorImpl.java:43)
	at java.lang.reflect.Method.invoke(Method.java:498)
	at org.jboss.mx.interceptor.ReflectedDispatcher.invoke(ReflectedDispatcher.java:155)
	at org.jboss.mx.server.Invocation.dispatch(Invocation.java:94)
	at org.jboss.mx.interceptor.AbstractInterceptor.invoke(AbstractInterceptor.java:133)
	at org.jboss.mx.server.Invocation.invoke(Invocation.java:88)
	at org.jboss.mx.interceptor.ModelMBeanOperationInterceptor.invoke(ModelMBeanOperationInterceptor.java:142)
	at org.jboss.mx.interceptor.DynamicInterceptor.invoke(DynamicInterceptor.java:97)
	at org.jboss.system.InterceptorServiceMBeanSupport.invokeNext(InterceptorServiceMBeanSupport.java:238)
	at org.jboss.wsf.container.jboss42.DeployerInterceptor.stop(DeployerInterceptor.java:98)
	at org.jboss.deployment.SubDeployerInterceptorSupport$XMBeanInterceptor.stop(SubDeployerInterceptorSupport.java:196)
	at org.jboss.deployment.SubDeployerInterceptor.invoke(SubDeployerInterceptor.java:99)
	at org.jboss.mx.server.Invocation.invoke(Invocation.java:88)
	at org.jboss.mx.server.AbstractMBeanInvoker.invoke(AbstractMBeanInvoker.java:264)
	at org.jboss.mx.server.MBeanServerImpl.invoke(MBeanServerImpl.java:659)
	at org.jboss.mx.util.MBeanProxyExt.invoke(MBeanProxyExt.java:210)
	at com.sun.proxy.$Proxy194.stop(Unknown Source)
	at org.jboss.deployment.MainDeployer.stop(MainDeployer.java:667)
	at org.jboss.deployment.MainDeployer.undeploy(MainDeployer.java:638)
	at org.jboss.deployment.MainDeployer.shutdown(MainDeployer.java:516)
	at sun.reflect.NativeMethodAccessorImpl.invoke0(Native Method)
	at sun.reflect.NativeMethodAccessorImpl.invoke(NativeMethodAccessorImpl.java:62)
	at sun.reflect.DelegatingMethodAccessorImpl.invoke(DelegatingMethodAccessorImpl.java:43)
	at java.lang.reflect.Method.invoke(Method.java:498)
	at org.jboss.mx.interceptor.ReflectedDispatcher.invoke(ReflectedDispatcher.java:155)
	at org.jboss.mx.server.Invocation.dispatch(Invocation.java:94)
	at org.jboss.mx.interceptor.AbstractInterceptor.invoke(AbstractInterceptor.java:133)
	at org.jboss.mx.server.Invocation.invoke(Invocation.java:88)
	at org.jboss.mx.interceptor.ModelMBeanOperationInterceptor.invoke(ModelMBeanOperationInterceptor.java:142)
	at org.jboss.mx.server.Invocation.invoke(Invocation.java:88)
	at org.jboss.mx.server.AbstractMBeanInvoker.invoke(AbstractMBeanInvoker.java:264)
	at org.jboss.mx.server.MBeanServerImpl.invoke(MBeanServerImpl.java:659)
	at org.jboss.system.server.ServerImpl$ShutdownHook.shutdownDeployments(ServerImpl.java:1058)
	at org.jboss.system.server.ServerImpl$ShutdownHook.shutdown(ServerImpl.java:1033)
	at org.jboss.system.server.ServerImpl$ShutdownHook.run(ServerImpl.java:996)
